#
# There is insufficient memory for the Java Runtime Environment to continue.
# Native memory allocation (malloc) failed to allocate 1048576 bytes for AllocateHeap
# Possible reasons:
#   The system is out of physical RAM or swap space
#   The process is running with CompressedOops enabled, and the Java Heap may be blocking the growth of the native heap
# Possible solutions:
#   Reduce memory load on the system
#   Increase physical memory or swap space
#   Check if swap backing store is full
#   Decrease Java heap size (-Xmx/-Xms)
#   Decrease number of Java threads
#   Decrease Java thread stack sizes (-Xss)
#   Set larger code cache with -XX:ReservedCodeCacheSize=
#   JVM is running with Unscaled Compressed Oops mode in which the Java heap is
#     placed in the first 4GB address space. The Java Heap base address is the
#     maximum limit for the native heap growth. Please use -XX:HeapBaseMinAddress
#     to set the Java Heap base and to place the Java Heap above 4GB virtual address.
# This output file may be truncated or incomplete.
#
#  Out of Memory Error (./src/hotspot/share/memory/allocation.cpp:46), pid=2740, tid=25108
#
# JRE version: OpenJDK Runtime Environment (11.0.10) (build 11.0.10+0-b96-7249189)
# Java VM: OpenJDK 64-Bit Server VM (11.0.10+0-b96-7249189, mixed mode, tiered, compressed oops, g1 gc, windows-amd64)
# No core dump will be written. Minidumps are not enabled by default on client versions of Windows
#

---------------  S U M M A R Y ------------

Command Line: --add-opens=java.base/java.util=ALL-UNNAMED --add-opens=java.base/java.lang=ALL-UNNAMED --add-opens=java.base/java.lang.invoke=ALL-UNNAMED --add-opens=java.base/java.util=ALL-UNNAMED --add-opens=java.prefs/java.util.prefs=ALL-UNNAMED --add-opens=java.prefs/java.util.prefs=ALL-UNNAMED --add-opens=java.base/java.nio.charset=ALL-UNNAMED --add-opens=java.base/java.net=ALL-UNNAMED --add-opens=java.base/java.util.concurrent.atomic=ALL-UNNAMED -Xmx2048m -Dfile.encoding=UTF-8 -Duser.country=MX -Duser.language=es -Duser.variant org.gradle.launcher.daemon.bootstrap.GradleDaemon 7.0.2

Host: Intel(R) Core(TM) i7-4700MQ CPU @ 2.40GHz, 8 cores, 15G,  Windows 10 , 64 bit Build 19041 (10.0.19041.1202)
Time: Thu Nov  4 22:21:14 2021 Hora est. Pacífico, Sudamérica elapsed time: 1151.486679 seconds (0d 0h 19m 11s)

---------------  T H R E A D  ---------------

Current thread (0x000001c9f063d800):  VMThread "VM Thread" [stack: 0x0000007379800000,0x0000007379900000] [id=25108]

Stack: [0x0000007379800000,0x0000007379900000]
[error occurred during error reporting (printing stack bounds), id 0xc0000005, EXCEPTION_ACCESS_VIOLATION (0xc0000005) at pc=0x000001c9d9c90f2d]

Native frames: (J=compiled Java code, j=interpreted, Vv=VM code, C=native code)
V  [jvm.dll+0x5ecfaa]
V  [jvm.dll+0x722bd5]
V  [jvm.dll+0x72412d]
V  [jvm.dll+0x724745]
V  [jvm.dll+0x7246fb]
V  [jvm.dll+0x5ec348]
V  [jvm.dll+0x5ecad8]
C  [ntdll.dll+0xa20cf]
C  [ntdll.dll+0x51454]
C  [ntdll.dll+0xa0bfe]
C  0x000001c9d9c90f2d

VM_Operation (0x000000737cef8640): CollectForMetadataAllocation, mode: safepoint, requested by thread 0x000001c9f3ba0000


---------------  P R O C E S S  ---------------

Threads class SMR info:
_java_thread_list=0x000001c9f7d1d380, length=80, elements={
0x000001c9d619f000, 0x000001c9f0e6e000, 0x000001c9f0e70800, 0x000001c9f0ed3800,
0x000001c9f0ed4800, 0x000001c9f0ed7000, 0x000001c9f0ed8000, 0x000001c9f0edb800,
0x000001c9f0eef800, 0x000001c9f103e000, 0x000001c9f4029000, 0x000001c9f27fd000,
0x000001c9f2287800, 0x000001c9f3b9c000, 0x000001c9f3ba2000, 0x000001c9f3ba2800,
0x000001c9f3b9e000, 0x000001c9f3b9e800, 0x000001c9f4aaf000, 0x000001c9f4aac800,
0x000001c9f4aad000, 0x000001c9f4aaf800, 0x000001c9f4aab000, 0x000001c9f4ab6000,
0x000001c9f214e800, 0x000001c9f214b000, 0x000001c9f214c000, 0x000001c9f214f000,
0x000001c9f2149800, 0x000001c9f2155800, 0x000001c9f4aaa000, 0x000001c9f4ab3000,
0x000001c9f4ab5800, 0x000001c9f4ab4000, 0x000001c9f4ab0800, 0x000001c9f4ab4800,
0x000001c9f4ab7000, 0x000001c9f4ab1800, 0x000001c9f4ab8000, 0x000001c9f4ab2000,
0x000001c9f4ab8800, 0x000001c9f2151000, 0x000001c9f214d800, 0x000001c9f2152800,
0x000001c9f214c800, 0x000001c9f2157800, 0x000001c9f2151800, 0x000001c9f2158000,
0x000001c9f2153000, 0x000001c9f2154000, 0x000001c9f2155000, 0x000001c9f3b9f800,
0x000001c9f3ba0000, 0x000001c9f3b9d000, 0x000001c9f3ba1000, 0x000001c9f6cdc800,
0x000001c9f6cdb800, 0x000001c9f6cdd000, 0x000001c9f6cd7800, 0x000001c9f6cde000,
0x000001c9f6cd8000, 0x000001c9f6cda800, 0x000001c9f6cd9000, 0x000001c9f6cda000,
0x000001c9fb979000, 0x000001c9fb97a800, 0x000001c9fb97b000, 0x000001c9fb975800,
0x000001c9fb97c000, 0x000001c9fb979800, 0x000001c9fb976800, 0x000001c9fb977000,
0x000001c9fb978000, 0x000001c9fb97f800, 0x000001c9fb97e800, 0x000001c9fb980000,
0x000001c9fec1a800, 0x000001c9f373e800, 0x000001c9fb981000, 0x000001c9fb982000
}

Java Threads: ( => current thread )
  0x000001c9d619f000 JavaThread "main" [_thread_blocked, id=20808, stack(0x0000007379200000,0x0000007379300000)]
  0x000001c9f0e6e000 JavaThread "Reference Handler" daemon [_thread_blocked, id=24896, stack(0x0000007379900000,0x0000007379a00000)]
  0x000001c9f0e70800 JavaThread "Finalizer" daemon [_thread_blocked, id=19604, stack(0x0000007379a00000,0x0000007379b00000)]
  0x000001c9f0ed3800 JavaThread "Signal Dispatcher" daemon [_thread_blocked, id=24120, stack(0x0000007379b00000,0x0000007379c00000)]
  0x000001c9f0ed4800 JavaThread "Attach Listener" daemon [_thread_blocked, id=21832, stack(0x0000007379c00000,0x0000007379d00000)]
  0x000001c9f0ed7000 JavaThread "Service Thread" daemon [_thread_blocked, id=27860, stack(0x0000007379d00000,0x0000007379e00000)]
  0x000001c9f0ed8000 JavaThread "C2 CompilerThread0" daemon [_thread_in_native, id=30412, stack(0x0000007379e00000,0x0000007379f00000)]
  0x000001c9f0edb800 JavaThread "C1 CompilerThread0" daemon [_thread_blocked, id=21308, stack(0x0000007379f00000,0x000000737a000000)]
  0x000001c9f0eef800 JavaThread "Sweeper thread" daemon [_thread_blocked, id=29516, stack(0x000000737a000000,0x000000737a100000)]
  0x000001c9f103e000 JavaThread "Common-Cleaner" daemon [_thread_blocked, id=21904, stack(0x000000737a100000,0x000000737a200000)]
  0x000001c9f4029000 JavaThread "Daemon health stats" [_thread_blocked, id=20356, stack(0x000000737a900000,0x000000737aa00000)]
  0x000001c9f27fd000 JavaThread "Incoming local TCP Connector on port 60074" [_thread_in_native, id=9312, stack(0x000000737a800000,0x000000737a900000)]
  0x000001c9f2287800 JavaThread "Daemon periodic checks" [_thread_blocked, id=9572, stack(0x000000737aa00000,0x000000737ab00000)]
  0x000001c9f3b9c000 JavaThread "Cache worker for file hash cache (C:\Users\elkin\.gradle\caches\7.0.2\fileHashes)" [_thread_blocked, id=16004, stack(0x000000737b100000,0x000000737b200000)]
  0x000001c9f3ba2000 JavaThread "File lock request listener" [_thread_in_native, id=21356, stack(0x000000737b300000,0x000000737b400000)]
  0x000001c9f3ba2800 JavaThread "Cache worker for journal cache (C:\Users\elkin\.gradle\caches\journal-1)" [_thread_blocked, id=28324, stack(0x000000737b700000,0x000000737b800000)]
  0x000001c9f3b9e000 JavaThread "File watcher server" daemon [_thread_blocked, id=18232, stack(0x000000737ba00000,0x000000737bb00000)]
  0x000001c9f3b9e800 JavaThread "File watcher consumer" daemon [_thread_blocked, id=17864, stack(0x000000737bb00000,0x000000737bc00000)]
  0x000001c9f4aaf000 JavaThread "Cache worker for execution history cache (C:\Users\elkin\.gradle\caches\7.0.2\executionHistory)" [_thread_blocked, id=30792, stack(0x000000737c000000,0x000000737c100000)]
  0x000001c9f4aac800 JavaThread "jar transforms" [_thread_blocked, id=17424, stack(0x000000737c100000,0x000000737c200000)]
  0x000001c9f4aad000 JavaThread "jar transforms Thread 2" [_thread_blocked, id=27320, stack(0x000000737bf00000,0x000000737c000000)]
  0x000001c9f4aaf800 JavaThread "Cache worker for file content cache (C:\Users\elkin\.gradle\caches\7.0.2\fileContent)" [_thread_blocked, id=19496, stack(0x000000737c200000,0x000000737c300000)]
  0x000001c9f4aab000 JavaThread "jar transforms Thread 3" [_thread_blocked, id=20284, stack(0x000000737c500000,0x000000737c600000)]
  0x000001c9f4ab6000 JavaThread "jar transforms Thread 4" [_thread_blocked, id=11408, stack(0x000000737c600000,0x000000737c700000)]
  0x000001c9f214e800 JavaThread "jar transforms Thread 5" [_thread_blocked, id=21312, stack(0x000000737cf00000,0x000000737d000000)]
  0x000001c9f214b000 JavaThread "jar transforms Thread 6" [_thread_blocked, id=15660, stack(0x000000737d000000,0x000000737d100000)]
  0x000001c9f214c000 JavaThread "jar transforms Thread 7" [_thread_blocked, id=27440, stack(0x000000737d100000,0x000000737d200000)]
  0x000001c9f214f000 JavaThread "jar transforms Thread 8" [_thread_blocked, id=31660, stack(0x000000737d200000,0x000000737d300000)]
  0x000001c9f2149800 JavaThread "Memory manager" [_thread_blocked, id=22748, stack(0x000000737d400000,0x000000737d500000)]
  0x000001c9f2155800 JavaThread "ForkJoinPool.commonPool-worker-3" daemon [_thread_blocked, id=22596, stack(0x000000737e100000,0x000000737e200000)]
  0x000001c9f4aaa000 JavaThread "Daemon Thread 2" [_thread_blocked, id=24764, stack(0x0000007378f00000,0x0000007379000000)]
  0x000001c9f4ab3000 JavaThread "Handler for socket connection from /127.0.0.1:60074 to /127.0.0.1:65464" [_thread_in_native, id=16100, stack(0x0000007379000000,0x0000007379100000)]
  0x000001c9f4ab5800 JavaThread "Cancel handler" [_thread_blocked, id=8928, stack(0x0000007379100000,0x0000007379200000)]
  0x000001c9f4ab4000 JavaThread "Daemon worker Thread 2" [_thread_blocked, id=14304, stack(0x000000737ab00000,0x000000737ac00000)]
  0x000001c9f4ab0800 JavaThread "Asynchronous log dispatcher for DefaultDaemonConnection: socket connection from /127.0.0.1:60074 to /127.0.0.1:65464" [_thread_blocked, id=20732, stack(0x000000737ac00000,0x000000737ad00000)]
  0x000001c9f4ab4800 JavaThread "Stdin handler" [_thread_blocked, id=20528, stack(0x000000737ad00000,0x000000737ae00000)]
  0x000001c9f4ab7000 JavaThread "Daemon client event forwarder" [_thread_blocked, id=26360, stack(0x000000737ae00000,0x000000737af00000)]
  0x000001c9f4ab1800 JavaThread "Cache worker for file hash cache (C:\Elkin Rativa\Documents\Personal\MISO\Ingenieria de SW para Apps moviles\Repo_App\.gradle\7.0.2\fileHashes)" [_thread_blocked, id=29896, stack(0x000000737af00000,0x000000737b000000)]
  0x000001c9f4ab8000 JavaThread "Cache worker for checksums cache (C:\Elkin Rativa\Documents\Personal\MISO\Ingenieria de SW para Apps moviles\Repo_App\.gradle\checksums)" [_thread_blocked, id=10140, stack(0x000000737b200000,0x000000737b300000)]
  0x000001c9f4ab2000 JavaThread "Cache worker for cache directory md-supplier (C:\Users\elkin\.gradle\caches\7.0.2\md-supplier)" [_thread_blocked, id=10152, stack(0x000000737b900000,0x000000737ba00000)]
  0x000001c9f4ab8800 JavaThread "Cache worker for cache directory md-rule (C:\Users\elkin\.gradle\caches\7.0.2\md-rule)" [_thread_blocked, id=26040, stack(0x000000737bc00000,0x000000737bd00000)]
  0x000001c9f2151000 JavaThread "Cache worker for dependencies-accessors (C:\Elkin Rativa\Documents\Personal\MISO\Ingenieria de SW para Apps moviles\Repo_App\.gradle\7.0.2\dependencies-accessors)" [_thread_blocked, id=19032, stack(0x000000737bd00000,0x000000737be00000)]
  0x000001c9f214d800 JavaThread "Cache worker for Build Output Cleanup Cache (C:\Elkin Rativa\Documents\Personal\MISO\Ingenieria de SW para Apps moviles\Repo_App\.gradle\buildOutputCleanup)" [_thread_blocked, id=460, stack(0x000000737be00000,0x000000737bf00000)]
  0x000001c9f2152800 JavaThread "Build operations" [_thread_blocked, id=25588, stack(0x000000737c300000,0x000000737c400000)]
  0x000001c9f214c800 JavaThread "Build operations Thread 2" [_thread_blocked, id=30976, stack(0x000000737c400000,0x000000737c500000)]
  0x000001c9f2157800 JavaThread "Build operations Thread 3" [_thread_blocked, id=22172, stack(0x000000737c700000,0x000000737c800000)]
  0x000001c9f2151800 JavaThread "Build operations Thread 4" [_thread_blocked, id=15540, stack(0x000000737c800000,0x000000737c900000)]
  0x000001c9f2158000 JavaThread "Build operations Thread 5" [_thread_blocked, id=3876, stack(0x000000737c900000,0x000000737ca00000)]
  0x000001c9f2153000 JavaThread "Build operations Thread 6" [_thread_blocked, id=7684, stack(0x000000737ca00000,0x000000737cb00000)]
  0x000001c9f2154000 JavaThread "Build operations Thread 7" [_thread_blocked, id=22724, stack(0x000000737cb00000,0x000000737cc00000)]
  0x000001c9f2155000 JavaThread "Build operations Thread 8" [_thread_blocked, id=14464, stack(0x000000737cc00000,0x000000737cd00000)]
  0x000001c9f3b9f800 JavaThread "build event listener" [_thread_blocked, id=25472, stack(0x000000737cd00000,0x000000737ce00000)]
  0x000001c9f3ba0000 JavaThread "Execution worker for ':'" [_thread_blocked, id=29392, stack(0x000000737ce00000,0x000000737cf00000)]
  0x000001c9f3b9d000 JavaThread "Execution worker for ':' Thread 2" [_thread_blocked, id=17576, stack(0x000000737d300000,0x000000737d400000)]
  0x000001c9f3ba1000 JavaThread "Execution worker for ':' Thread 3" [_thread_blocked, id=10460, stack(0x000000737d700000,0x000000737d800000)]
  0x000001c9f6cdc800 JavaThread "Execution worker for ':' Thread 4" [_thread_blocked, id=1196, stack(0x000000737d800000,0x000000737d900000)]
  0x000001c9f6cdb800 JavaThread "Execution worker for ':' Thread 5" [_thread_blocked, id=15036, stack(0x000000737d900000,0x000000737da00000)]
  0x000001c9f6cdd000 JavaThread "Execution worker for ':' Thread 6" [_thread_blocked, id=20008, stack(0x000000737da00000,0x000000737db00000)]
  0x000001c9f6cd7800 JavaThread "Execution worker for ':' Thread 7" [_thread_blocked, id=20940, stack(0x000000737db00000,0x000000737dc00000)]
  0x000001c9f6cde000 JavaThread "Cache worker for execution history cache (C:\Elkin Rativa\Documents\Personal\MISO\Ingenieria de SW para Apps moviles\Repo_App\.gradle\7.0.2\executionHistory)" [_thread_blocked, id=29284, stack(0x000000737dc00000,0x000000737dd00000)]
  0x000001c9f6cd8000 JavaThread "WorkerExecutor Queue" [_thread_blocked, id=19264, stack(0x000000737dd00000,0x000000737de00000)]
  0x000001c9f6cda800 JavaThread "WorkerExecutor Queue Thread 2" [_thread_blocked, id=15796, stack(0x000000737de00000,0x000000737df00000)]
  0x000001c9f6cd9000 JavaThread "WorkerExecutor Queue Thread 3" [_thread_blocked, id=2244, stack(0x000000737df00000,0x000000737e000000)]
  0x000001c9f6cda000 JavaThread "WorkerExecutor Queue Thread 4" [_thread_blocked, id=31392, stack(0x000000737e000000,0x000000737e100000)]
  0x000001c9fb979000 JavaThread "WorkerExecutor Queue Thread 5" [_thread_blocked, id=30608, stack(0x000000737e200000,0x000000737e300000)]
  0x000001c9fb97a800 JavaThread "WorkerExecutor Queue Thread 6" [_thread_blocked, id=23668, stack(0x000000737e300000,0x000000737e400000)]
  0x000001c9fb97b000 JavaThread "WorkerExecutor Queue Thread 7" [_thread_blocked, id=308, stack(0x000000737e400000,0x000000737e500000)]
  0x000001c9fb975800 JavaThread "WorkerExecutor Queue Thread 8" [_thread_blocked, id=27844, stack(0x000000737e500000,0x000000737e600000)]
  0x000001c9fb97c000 JavaThread "pool-6-thread-1" [_thread_blocked, id=18992, stack(0x000000737e600000,0x000000737e700000)]
  0x000001c9fb979800 JavaThread "stderr" [_thread_in_native, id=9908, stack(0x000000737e700000,0x000000737e800000)]
  0x000001c9fb976800 JavaThread "stdout" [_thread_in_native, id=27500, stack(0x000000737e800000,0x000000737e900000)]
  0x000001c9fb977000 JavaThread "RMI Scheduler(0)" daemon [_thread_blocked, id=29604, stack(0x000000737e900000,0x000000737ea00000)]
  0x000001c9fb978000 JavaThread "RMI GC Daemon" daemon [_thread_blocked, id=7616, stack(0x000000737eb00000,0x000000737ec00000)]
  0x000001c9fb97f800 JavaThread "RMI TCP Accept-0" daemon [_thread_in_native, id=29508, stack(0x000000737ec00000,0x000000737ed00000)]
  0x000001c9fb97e800 JavaThread "RMI Reaper" [_thread_blocked, id=11564, stack(0x000000737ed00000,0x000000737ee00000)]
  0x000001c9fb980000 JavaThread "RMI TCP Connection(1)-127.0.0.1" daemon [_thread_in_native, id=30672, stack(0x000000737ee00000,0x000000737ef00000)]
  0x000001c9fec1a800 JavaThread "C2 CompilerThread1" daemon [_thread_blocked, id=14152, stack(0x000000737b000000,0x000000737b100000)]
  0x000001c9f373e800 JavaThread "C2 CompilerThread2" daemon [_thread_blocked, id=30236, stack(0x000000737b800000,0x000000737b900000)]
  0x000001c9fb981000 JavaThread "Cache worker for Java compile cache (C:\Users\elkin\.gradle\caches\7.0.2\javaCompile)" [_thread_blocked, id=2952, stack(0x000000737ea00000,0x000000737eb00000)]
  0x000001c9fb982000 JavaThread "Cache worker for Java compile cache (C:\Elkin Rativa\Documents\Personal\MISO\Ingenieria de SW para Apps moviles\Repo_App\.gradle\7.0.2\javaCompile)" [_thread_blocked, id=24968, stack(0x000000737ef00000,0x000000737f000000)]

Other Threads:
=>0x000001c9f063d800 VMThread "VM Thread" [stack: 0x0000007379800000,0x0000007379900000] [id=25108]
  0x000001c9f1052000 WatcherThread [stack: 0x000000737a200000,0x000000737a300000] [id=20804]
  0x000001c9d61b6000 GCTaskThread "GC Thread#0" [stack: 0x0000007379300000,0x0000007379400000] [id=25188]
  0x000001c9f1def000 GCTaskThread "GC Thread#1" [stack: 0x000000737a300000,0x000000737a400000] [id=23468]
  0x000001c9f1def800 GCTaskThread "GC Thread#2" [stack: 0x000000737a400000,0x000000737a500000] [id=5108]
  0x000001c9f1df0800 GCTaskThread "GC Thread#3" [stack: 0x000000737a500000,0x000000737a600000] [id=16392]
  0x000001c9f1df1000 GCTaskThread "GC Thread#4" [stack: 0x000000737a600000,0x000000737a700000] [id=15268]
  0x000001c9f2233000 GCTaskThread "GC Thread#5" [stack: 0x000000737a700000,0x000000737a800000] [id=22324]
  0x000001c9f36e6800 GCTaskThread "GC Thread#6" [stack: 0x000000737b400000,0x000000737b500000] [id=14600]
  0x000001c9f3f00800 GCTaskThread "GC Thread#7" [stack: 0x000000737b500000,0x000000737b600000] [id=10940]
  0x000001c9d61ea800 ConcurrentGCThread "G1 Main Marker" [stack: 0x0000007379400000,0x0000007379500000] [id=12428]
  0x000001c9d61eb800 ConcurrentGCThread "G1 Conc#0" [stack: 0x0000007379500000,0x0000007379600000] [id=16824]
  0x000001c9f3e57800 ConcurrentGCThread "G1 Conc#1" [stack: 0x000000737b600000,0x000000737b700000] [id=25892]
  0x000001c9f04ba800 ConcurrentGCThread "G1 Refine#0" [stack: 0x0000007379600000,0x0000007379700000] [id=24688]
  0x000001c9f04bb000 ConcurrentGCThread "G1 Young RemSet Sampling" [stack: 0x0000007379700000,0x0000007379800000] [id=22292]

Threads with active compile tasks:
C2 CompilerThread01151516 17017       4       org.gradle.internal.component.model.ComponentAttributeMatcher::match (259 bytes)
C2 CompilerThread21151516 17199       4       com.google.common.cache.LocalCache::getIfPresent (49 bytes)

VM state:at safepoint (normal execution)

VM Mutex/Monitor currently owned by a thread:  ([mutex/lock_event])
[0x000001c9d619bb40] Threads_lock - owner thread: 0x000001c9f063d800
[0x000001c9d619aca0] Heap_lock - owner thread: 0x000001c9f3ba0000

Heap address: 0x0000000080000000, size: 2048 MB, Compressed Oops mode: 32-bit
Narrow klass base: 0x0000000000000000, Narrow klass shift: 3
Compressed class space size: 1073741824 Address: 0x0000000100000000

Heap:
 garbage-first heap   total 260096K, used 107198K [0x0000000080000000, 0x0000000100000000)
  region size 1024K, 1 young (1024K), 1 survivors (1024K)
 Metaspace       used 113359K, capacity 116029K, committed 116172K, reserved 1159168K
  class space    used 14206K, capacity 15222K, committed 15308K, reserved 1048576K
Heap Regions: E=young(eden), S=young(survivor), O=old, HS=humongous(starts), HC=humongous(continues), CS=collection set, F=free, A=archive, TAMS=top-at-mark-start (previous, next)
|   0|0x0000000080000000, 0x0000000080100000, 0x0000000080100000|100%| O|  |TAMS 0x0000000080100000, 0x0000000080100000| Untracked 
|   1|0x0000000080100000, 0x0000000080200000, 0x0000000080200000|100%| O|  |TAMS 0x0000000080200000, 0x0000000080200000| Untracked 
|   2|0x0000000080200000, 0x0000000080300000, 0x0000000080300000|100%| O|  |TAMS 0x0000000080300000, 0x0000000080300000| Untracked 
|   3|0x0000000080300000, 0x0000000080400000, 0x0000000080400000|100%|HS|  |TAMS 0x0000000080400000, 0x0000000080400000| Complete 
|   4|0x0000000080400000, 0x0000000080500000, 0x0000000080500000|100%|HC|  |TAMS 0x0000000080500000, 0x0000000080500000| Complete 
|   5|0x0000000080500000, 0x0000000080600000, 0x0000000080600000|100%|HC|  |TAMS 0x0000000080600000, 0x0000000080600000| Complete 
|   6|0x0000000080600000, 0x0000000080700000, 0x0000000080700000|100%| O|  |TAMS 0x0000000080700000, 0x0000000080700000| Untracked 
|   7|0x0000000080700000, 0x0000000080800000, 0x0000000080800000|100%| O|  |TAMS 0x0000000080800000, 0x0000000080800000| Untracked 
|   8|0x0000000080800000, 0x0000000080900000, 0x0000000080900000|100%| O|  |TAMS 0x0000000080900000, 0x0000000080900000| Untracked 
|   9|0x0000000080900000, 0x0000000080a00000, 0x0000000080a00000|100%| O|  |TAMS 0x0000000080a00000, 0x0000000080a00000| Untracked 
|  10|0x0000000080a00000, 0x0000000080b00000, 0x0000000080b00000|100%| O|  |TAMS 0x0000000080b00000, 0x0000000080b00000| Untracked 
|  11|0x0000000080b00000, 0x0000000080c00000, 0x0000000080c00000|100%| O|  |TAMS 0x0000000080c00000, 0x0000000080c00000| Untracked 
|  12|0x0000000080c00000, 0x0000000080d00000, 0x0000000080d00000|100%| O|  |TAMS 0x0000000080d00000, 0x0000000080d00000| Untracked 
|  13|0x0000000080d00000, 0x0000000080e00000, 0x0000000080e00000|100%| O|  |TAMS 0x0000000080e00000, 0x0000000080e00000| Untracked 
|  14|0x0000000080e00000, 0x0000000080f00000, 0x0000000080f00000|100%| O|  |TAMS 0x0000000080f00000, 0x0000000080f00000| Untracked 
|  15|0x0000000080f00000, 0x0000000081000000, 0x0000000081000000|100%| O|  |TAMS 0x0000000081000000, 0x0000000081000000| Untracked 
|  16|0x0000000081000000, 0x0000000081100000, 0x0000000081100000|100%| O|  |TAMS 0x0000000081100000, 0x0000000081100000| Untracked 
|  17|0x0000000081100000, 0x0000000081200000, 0x0000000081200000|100%|HS|  |TAMS 0x0000000081200000, 0x0000000081200000| Complete 
|  18|0x0000000081200000, 0x0000000081300000, 0x0000000081300000|100%|HS|  |TAMS 0x0000000081300000, 0x0000000081300000| Complete 
|  19|0x0000000081300000, 0x0000000081400000, 0x0000000081400000|100%|HS|  |TAMS 0x0000000081400000, 0x0000000081400000| Complete 
|  20|0x0000000081400000, 0x0000000081500000, 0x0000000081500000|100%|HS|  |TAMS 0x0000000081500000, 0x0000000081500000| Complete 
|  21|0x0000000081500000, 0x0000000081600000, 0x0000000081600000|100%|HC|  |TAMS 0x0000000081600000, 0x0000000081600000| Complete 
|  22|0x0000000081600000, 0x0000000081700000, 0x0000000081700000|100%|HC|  |TAMS 0x0000000081700000, 0x0000000081700000| Complete 
|  23|0x0000000081700000, 0x0000000081800000, 0x0000000081800000|100%|HS|  |TAMS 0x0000000081800000, 0x0000000081800000| Complete 
|  24|0x0000000081800000, 0x0000000081900000, 0x0000000081900000|100%|HC|  |TAMS 0x0000000081900000, 0x0000000081900000| Complete 
|  25|0x0000000081900000, 0x0000000081a00000, 0x0000000081a00000|100%| O|  |TAMS 0x0000000081a00000, 0x0000000081a00000| Untracked 
|  26|0x0000000081a00000, 0x0000000081b00000, 0x0000000081b00000|100%| O|  |TAMS 0x0000000081b00000, 0x0000000081b00000| Untracked 
|  27|0x0000000081b00000, 0x0000000081c00000, 0x0000000081c00000|100%| O|  |TAMS 0x0000000081c00000, 0x0000000081c00000| Untracked 
|  28|0x0000000081c00000, 0x0000000081d00000, 0x0000000081d00000|100%| O|  |TAMS 0x0000000081d00000, 0x0000000081d00000| Untracked 
|  29|0x0000000081d00000, 0x0000000081e00000, 0x0000000081e00000|100%| O|  |TAMS 0x0000000081e00000, 0x0000000081e00000| Untracked 
|  30|0x0000000081e00000, 0x0000000081f00000, 0x0000000081f00000|100%| O|  |TAMS 0x0000000081f00000, 0x0000000081f00000| Untracked 
|  31|0x0000000081f00000, 0x0000000082000000, 0x0000000082000000|100%| O|  |TAMS 0x0000000082000000, 0x0000000082000000| Untracked 
|  32|0x0000000082000000, 0x0000000082100000, 0x0000000082100000|100%| O|  |TAMS 0x0000000082100000, 0x0000000082100000| Untracked 
|  33|0x0000000082100000, 0x0000000082200000, 0x0000000082200000|100%| O|  |TAMS 0x0000000082200000, 0x0000000082200000| Untracked 
|  34|0x0000000082200000, 0x0000000082300000, 0x0000000082300000|100%| O|  |TAMS 0x0000000082300000, 0x0000000082300000| Untracked 
|  35|0x0000000082300000, 0x0000000082400000, 0x0000000082400000|100%| O|  |TAMS 0x0000000082400000, 0x0000000082400000| Untracked 
|  36|0x0000000082400000, 0x0000000082500000, 0x0000000082500000|100%| O|  |TAMS 0x0000000082500000, 0x0000000082500000| Untracked 
|  37|0x0000000082500000, 0x0000000082600000, 0x0000000082600000|100%| O|  |TAMS 0x0000000082600000, 0x0000000082600000| Untracked 
|  38|0x0000000082600000, 0x0000000082700000, 0x0000000082700000|100%| O|  |TAMS 0x0000000082700000, 0x0000000082700000| Untracked 
|  39|0x0000000082700000, 0x0000000082800000, 0x0000000082800000|100%| O|  |TAMS 0x0000000082800000, 0x0000000082800000| Untracked 
|  40|0x0000000082800000, 0x0000000082900000, 0x0000000082900000|100%| O|  |TAMS 0x0000000082900000, 0x0000000082900000| Untracked 
|  41|0x0000000082900000, 0x0000000082a00000, 0x0000000082a00000|100%| O|  |TAMS 0x0000000082a00000, 0x0000000082a00000| Untracked 
|  42|0x0000000082a00000, 0x0000000082b00000, 0x0000000082b00000|100%| O|  |TAMS 0x0000000082b00000, 0x0000000082b00000| Untracked 
|  43|0x0000000082b00000, 0x0000000082c00000, 0x0000000082c00000|100%| O|  |TAMS 0x0000000082c00000, 0x0000000082c00000| Untracked 
|  44|0x0000000082c00000, 0x0000000082d00000, 0x0000000082d00000|100%| O|  |TAMS 0x0000000082d00000, 0x0000000082d00000| Untracked 
|  45|0x0000000082d00000, 0x0000000082e00000, 0x0000000082e00000|100%| O|  |TAMS 0x0000000082e00000, 0x0000000082e00000| Untracked 
|  46|0x0000000082e00000, 0x0000000082f00000, 0x0000000082f00000|100%| O|  |TAMS 0x0000000082f00000, 0x0000000082f00000| Untracked 
|  47|0x0000000082f00000, 0x0000000083000000, 0x0000000083000000|100%| O|  |TAMS 0x0000000083000000, 0x0000000083000000| Untracked 
|  48|0x0000000083000000, 0x0000000083100000, 0x0000000083100000|100%| O|  |TAMS 0x0000000083100000, 0x0000000083100000| Untracked 
|  49|0x0000000083100000, 0x0000000083200000, 0x0000000083200000|100%| O|  |TAMS 0x0000000083200000, 0x0000000083200000| Untracked 
|  50|0x0000000083200000, 0x0000000083300000, 0x0000000083300000|100%| O|  |TAMS 0x0000000083300000, 0x0000000083300000| Untracked 
|  51|0x0000000083300000, 0x0000000083400000, 0x0000000083400000|100%| O|  |TAMS 0x0000000083400000, 0x0000000083400000| Untracked 
|  52|0x0000000083400000, 0x0000000083500000, 0x0000000083500000|100%| O|  |TAMS 0x0000000083500000, 0x0000000083500000| Untracked 
|  53|0x0000000083500000, 0x0000000083600000, 0x0000000083600000|100%| O|  |TAMS 0x0000000083600000, 0x0000000083600000| Untracked 
|  54|0x0000000083600000, 0x0000000083700000, 0x0000000083700000|100%| O|  |TAMS 0x0000000083700000, 0x0000000083700000| Untracked 
|  55|0x0000000083700000, 0x0000000083800000, 0x0000000083800000|100%| O|  |TAMS 0x0000000083800000, 0x0000000083800000| Untracked 
|  56|0x0000000083800000, 0x0000000083900000, 0x0000000083900000|100%| O|  |TAMS 0x0000000083900000, 0x0000000083900000| Untracked 
|  57|0x0000000083900000, 0x0000000083a00000, 0x0000000083a00000|100%| O|  |TAMS 0x0000000083a00000, 0x0000000083a00000| Untracked 
|  58|0x0000000083a00000, 0x0000000083b00000, 0x0000000083b00000|100%| O|  |TAMS 0x0000000083b00000, 0x0000000083b00000| Untracked 
|  59|0x0000000083b00000, 0x0000000083c00000, 0x0000000083c00000|100%| O|  |TAMS 0x0000000083c00000, 0x0000000083c00000| Untracked 
|  60|0x0000000083c00000, 0x0000000083d00000, 0x0000000083d00000|100%| O|  |TAMS 0x0000000083d00000, 0x0000000083d00000| Untracked 
|  61|0x0000000083d00000, 0x0000000083e00000, 0x0000000083e00000|100%| O|  |TAMS 0x0000000083e00000, 0x0000000083e00000| Untracked 
|  62|0x0000000083e00000, 0x0000000083f00000, 0x0000000083f00000|100%| O|  |TAMS 0x0000000083f00000, 0x0000000083f00000| Untracked 
|  63|0x0000000083f00000, 0x0000000084000000, 0x0000000084000000|100%| O|  |TAMS 0x0000000084000000, 0x0000000084000000| Untracked 
|  64|0x0000000084000000, 0x0000000084100000, 0x0000000084100000|100%| O|  |TAMS 0x0000000084100000, 0x0000000084100000| Untracked 
|  65|0x0000000084100000, 0x0000000084200000, 0x0000000084200000|100%| O|  |TAMS 0x0000000084200000, 0x0000000084200000| Untracked 
|  66|0x0000000084200000, 0x0000000084300000, 0x0000000084300000|100%| O|  |TAMS 0x0000000084300000, 0x0000000084300000| Untracked 
|  67|0x0000000084300000, 0x0000000084400000, 0x0000000084400000|100%| O|  |TAMS 0x0000000084400000, 0x0000000084400000| Untracked 
|  68|0x0000000084400000, 0x0000000084500000, 0x0000000084500000|100%| O|  |TAMS 0x0000000084500000, 0x0000000084500000| Untracked 
|  69|0x0000000084500000, 0x0000000084600000, 0x0000000084600000|100%| O|  |TAMS 0x0000000084600000, 0x0000000084600000| Untracked 
|  70|0x0000000084600000, 0x0000000084700000, 0x0000000084700000|100%| O|  |TAMS 0x0000000084700000, 0x0000000084700000| Untracked 
|  71|0x0000000084700000, 0x0000000084800000, 0x0000000084800000|100%| O|  |TAMS 0x0000000084800000, 0x0000000084800000| Untracked 
|  72|0x0000000084800000, 0x0000000084900000, 0x0000000084900000|100%| O|  |TAMS 0x0000000084900000, 0x0000000084900000| Untracked 
|  73|0x0000000084900000, 0x0000000084a00000, 0x0000000084a00000|100%| O|  |TAMS 0x0000000084a00000, 0x0000000084a00000| Untracked 
|  74|0x0000000084a00000, 0x0000000084b00000, 0x0000000084b00000|100%| O|  |TAMS 0x0000000084b00000, 0x0000000084b00000| Untracked 
|  75|0x0000000084b00000, 0x0000000084c00000, 0x0000000084c00000|100%| O|  |TAMS 0x0000000084c00000, 0x0000000084c00000| Untracked 
|  76|0x0000000084c00000, 0x0000000084c00000, 0x0000000084d00000|  0%| F|  |TAMS 0x0000000084c00000, 0x0000000084c00000| Untracked 
|  77|0x0000000084d00000, 0x0000000084d00000, 0x0000000084e00000|  0%| F|  |TAMS 0x0000000084d00000, 0x0000000084d00000| Untracked 
|  78|0x0000000084e00000, 0x0000000084f00000, 0x0000000084f00000|100%| O|  |TAMS 0x0000000084f00000, 0x0000000084f00000| Untracked 
|  79|0x0000000084f00000, 0x0000000085000000, 0x0000000085000000|100%| O|  |TAMS 0x0000000084f00000, 0x0000000085000000| Untracked 
|  80|0x0000000085000000, 0x0000000085100000, 0x0000000085100000|100%| O|  |TAMS 0x0000000085000000, 0x0000000085100000| Untracked 
|  81|0x0000000085100000, 0x0000000085200000, 0x0000000085200000|100%| O|  |TAMS 0x0000000085100000, 0x0000000085200000| Untracked 
|  82|0x0000000085200000, 0x0000000085300000, 0x0000000085300000|100%| O|  |TAMS 0x0000000085200000, 0x0000000085300000| Untracked 
|  83|0x0000000085300000, 0x0000000085400000, 0x0000000085400000|100%| O|  |TAMS 0x0000000085300000, 0x0000000085400000| Untracked 
|  84|0x0000000085400000, 0x0000000085500000, 0x0000000085500000|100%| O|  |TAMS 0x0000000085400000, 0x0000000085500000| Untracked 
|  85|0x0000000085500000, 0x0000000085500000, 0x0000000085600000|  0%| F|  |TAMS 0x0000000085500000, 0x0000000085500000| Untracked 
|  86|0x0000000085600000, 0x0000000085700000, 0x0000000085700000|100%| O|  |TAMS 0x0000000085600000, 0x0000000085700000| Untracked 
|  87|0x0000000085700000, 0x0000000085723600, 0x0000000085800000| 13%| O|  |TAMS 0x0000000085700000, 0x0000000085723600| Untracked 
|  88|0x0000000085800000, 0x0000000085800000, 0x0000000085900000|  0%| F|  |TAMS 0x0000000085800000, 0x0000000085800000| Untracked 
|  89|0x0000000085900000, 0x0000000085900000, 0x0000000085a00000|  0%| F|  |TAMS 0x0000000085900000, 0x0000000085900000| Untracked 
|  90|0x0000000085a00000, 0x0000000085a00000, 0x0000000085b00000|  0%| F|  |TAMS 0x0000000085a00000, 0x0000000085a00000| Untracked 
|  91|0x0000000085b00000, 0x0000000085b00000, 0x0000000085c00000|  0%| F|  |TAMS 0x0000000085b00000, 0x0000000085b00000| Untracked 
|  92|0x0000000085c00000, 0x0000000085c00000, 0x0000000085d00000|  0%| F|  |TAMS 0x0000000085c00000, 0x0000000085c00000| Untracked 
|  93|0x0000000085d00000, 0x0000000085d00000, 0x0000000085e00000|  0%| F|  |TAMS 0x0000000085d00000, 0x0000000085d00000| Untracked 
|  94|0x0000000085e00000, 0x0000000085e00000, 0x0000000085f00000|  0%| F|  |TAMS 0x0000000085e00000, 0x0000000085e00000| Untracked 
|  95|0x0000000085f00000, 0x0000000085f00000, 0x0000000086000000|  0%| F|  |TAMS 0x0000000085f00000, 0x0000000085f00000| Untracked 
|  96|0x0000000086000000, 0x0000000086000000, 0x0000000086100000|  0%| F|  |TAMS 0x0000000086000000, 0x0000000086000000| Untracked 
|  97|0x0000000086100000, 0x0000000086200000, 0x0000000086200000|100%| O|  |TAMS 0x0000000086200000, 0x0000000086200000| Untracked 
|  98|0x0000000086200000, 0x0000000086300000, 0x0000000086300000|100%| O|  |TAMS 0x0000000086300000, 0x0000000086300000| Untracked 
|  99|0x0000000086300000, 0x0000000086400000, 0x0000000086400000|100%| O|  |TAMS 0x0000000086400000, 0x0000000086400000| Untracked 
| 100|0x0000000086400000, 0x0000000086500000, 0x0000000086500000|100%| O|  |TAMS 0x0000000086500000, 0x0000000086500000| Untracked 
| 101|0x0000000086500000, 0x0000000086600000, 0x0000000086600000|100%| O|  |TAMS 0x0000000086600000, 0x0000000086600000| Untracked 
| 102|0x0000000086600000, 0x0000000086700000, 0x0000000086700000|100%| O|  |TAMS 0x0000000086700000, 0x0000000086700000| Untracked 
| 103|0x0000000086700000, 0x0000000086800000, 0x0000000086800000|100%| O|  |TAMS 0x0000000086800000, 0x0000000086800000| Untracked 
| 104|0x0000000086800000, 0x0000000086900000, 0x0000000086900000|100%| O|  |TAMS 0x0000000086900000, 0x0000000086900000| Untracked 
| 105|0x0000000086900000, 0x0000000086a00000, 0x0000000086a00000|100%| O|  |TAMS 0x0000000086a00000, 0x0000000086a00000| Untracked 
| 106|0x0000000086a00000, 0x0000000086b00000, 0x0000000086b00000|100%| O|  |TAMS 0x0000000086b00000, 0x0000000086b00000| Untracked 
| 107|0x0000000086b00000, 0x0000000086c00000, 0x0000000086c00000|100%| O|  |TAMS 0x0000000086c00000, 0x0000000086c00000| Untracked 
| 108|0x0000000086c00000, 0x0000000086d00000, 0x0000000086d00000|100%| O|  |TAMS 0x0000000086d00000, 0x0000000086d00000| Untracked 
| 109|0x0000000086d00000, 0x0000000086e00000, 0x0000000086e00000|100%| O|  |TAMS 0x0000000086e00000, 0x0000000086e00000| Untracked 
| 110|0x0000000086e00000, 0x0000000086f00000, 0x0000000086f00000|100%| O|  |TAMS 0x0000000086f00000, 0x0000000086f00000| Untracked 
| 111|0x0000000086f00000, 0x0000000087000000, 0x0000000087000000|100%| O|  |TAMS 0x0000000087000000, 0x0000000087000000| Untracked 
| 112|0x0000000087000000, 0x0000000087100000, 0x0000000087100000|100%| O|  |TAMS 0x0000000087100000, 0x0000000087100000| Untracked 
| 113|0x0000000087100000, 0x0000000087200000, 0x0000000087200000|100%| O|  |TAMS 0x0000000087200000, 0x0000000087200000| Untracked 
| 114|0x0000000087200000, 0x0000000087300000, 0x0000000087300000|100%| O|  |TAMS 0x0000000087300000, 0x0000000087300000| Untracked 
| 115|0x0000000087300000, 0x0000000087400000, 0x0000000087400000|100%| O|  |TAMS 0x0000000087400000, 0x0000000087400000| Untracked 
| 116|0x0000000087400000, 0x0000000087400000, 0x0000000087500000|  0%| F|  |TAMS 0x0000000087400000, 0x0000000087400000| Untracked 
| 117|0x0000000087500000, 0x0000000087600000, 0x0000000087600000|100%| O|  |TAMS 0x0000000087600000, 0x0000000087600000| Untracked 
| 118|0x0000000087600000, 0x0000000087600000, 0x0000000087700000|  0%| F|  |TAMS 0x0000000087600000, 0x0000000087600000| Untracked 
| 119|0x0000000087700000, 0x0000000087700000, 0x0000000087800000|  0%| F|  |TAMS 0x0000000087700000, 0x0000000087700000| Untracked 
| 120|0x0000000087800000, 0x0000000087800000, 0x0000000087900000|  0%| F|  |TAMS 0x0000000087800000, 0x0000000087800000| Untracked 
| 121|0x0000000087900000, 0x0000000087900000, 0x0000000087a00000|  0%| F|  |TAMS 0x0000000087900000, 0x0000000087900000| Untracked 
| 122|0x0000000087a00000, 0x0000000087a00000, 0x0000000087b00000|  0%| F|  |TAMS 0x0000000087a00000, 0x0000000087a00000| Untracked 
| 123|0x0000000087b00000, 0x0000000087b00000, 0x0000000087c00000|  0%| F|  |TAMS 0x0000000087b00000, 0x0000000087b00000| Untracked 
| 124|0x0000000087c00000, 0x0000000087c00000, 0x0000000087d00000|  0%| F|  |TAMS 0x0000000087c00000, 0x0000000087c00000| Untracked 
| 125|0x0000000087d00000, 0x0000000087d00000, 0x0000000087e00000|  0%| F|  |TAMS 0x0000000087d00000, 0x0000000087d00000| Untracked 
| 126|0x0000000087e00000, 0x0000000087e00000, 0x0000000087f00000|  0%| F|  |TAMS 0x0000000087e00000, 0x0000000087e00000| Untracked 
| 127|0x0000000087f00000, 0x0000000087f00000, 0x0000000088000000|  0%| F|  |TAMS 0x0000000087f00000, 0x0000000087f00000| Untracked 
| 128|0x0000000088000000, 0x0000000088000000, 0x0000000088100000|  0%| F|  |TAMS 0x0000000088000000, 0x0000000088000000| Untracked 
| 129|0x0000000088100000, 0x0000000088100000, 0x0000000088200000|  0%| F|  |TAMS 0x0000000088100000, 0x0000000088100000| Untracked 
| 130|0x0000000088200000, 0x0000000088200000, 0x0000000088300000|  0%| F|  |TAMS 0x0000000088200000, 0x0000000088200000| Untracked 
| 131|0x0000000088300000, 0x0000000088300000, 0x0000000088400000|  0%| F|  |TAMS 0x0000000088300000, 0x0000000088300000| Untracked 
| 132|0x0000000088400000, 0x0000000088400000, 0x0000000088500000|  0%| F|  |TAMS 0x0000000088400000, 0x0000000088400000| Untracked 
| 133|0x0000000088500000, 0x0000000088500000, 0x0000000088600000|  0%| F|  |TAMS 0x0000000088500000, 0x0000000088500000| Untracked 
| 134|0x0000000088600000, 0x0000000088600000, 0x0000000088700000|  0%| F|  |TAMS 0x0000000088600000, 0x0000000088600000| Untracked 
| 135|0x0000000088700000, 0x0000000088700000, 0x0000000088800000|  0%| F|  |TAMS 0x0000000088700000, 0x0000000088700000| Untracked 
| 136|0x0000000088800000, 0x0000000088800000, 0x0000000088900000|  0%| F|  |TAMS 0x0000000088800000, 0x0000000088800000| Untracked 
| 137|0x0000000088900000, 0x0000000088900000, 0x0000000088a00000|  0%| F|  |TAMS 0x0000000088900000, 0x0000000088900000| Untracked 
| 138|0x0000000088a00000, 0x0000000088a00000, 0x0000000088b00000|  0%| F|  |TAMS 0x0000000088a00000, 0x0000000088a00000| Untracked 
| 139|0x0000000088b00000, 0x0000000088b00000, 0x0000000088c00000|  0%| F|  |TAMS 0x0000000088b00000, 0x0000000088b00000| Untracked 
| 140|0x0000000088c00000, 0x0000000088c00000, 0x0000000088d00000|  0%| F|  |TAMS 0x0000000088c00000, 0x0000000088c00000| Untracked 
| 141|0x0000000088d00000, 0x0000000088d00000, 0x0000000088e00000|  0%| F|  |TAMS 0x0000000088d00000, 0x0000000088d00000| Untracked 
| 142|0x0000000088e00000, 0x0000000088e00000, 0x0000000088f00000|  0%| F|  |TAMS 0x0000000088e00000, 0x0000000088e00000| Untracked 
| 143|0x0000000088f00000, 0x0000000088f00000, 0x0000000089000000|  0%| F|  |TAMS 0x0000000088f00000, 0x0000000088f00000| Untracked 
| 144|0x0000000089000000, 0x0000000089000000, 0x0000000089100000|  0%| F|  |TAMS 0x0000000089000000, 0x0000000089000000| Untracked 
| 145|0x0000000089100000, 0x0000000089100000, 0x0000000089200000|  0%| F|  |TAMS 0x0000000089100000, 0x0000000089100000| Untracked 
| 146|0x0000000089200000, 0x0000000089200000, 0x0000000089300000|  0%| F|  |TAMS 0x0000000089200000, 0x0000000089200000| Untracked 
| 147|0x0000000089300000, 0x0000000089300000, 0x0000000089400000|  0%| F|  |TAMS 0x0000000089300000, 0x0000000089300000| Untracked 
| 148|0x0000000089400000, 0x0000000089400000, 0x0000000089500000|  0%| F|  |TAMS 0x0000000089400000, 0x0000000089400000| Untracked 
| 149|0x0000000089500000, 0x0000000089500000, 0x0000000089600000|  0%| F|  |TAMS 0x0000000089500000, 0x0000000089500000| Untracked 
| 150|0x0000000089600000, 0x0000000089600000, 0x0000000089700000|  0%| F|  |TAMS 0x0000000089600000, 0x0000000089600000| Untracked 
| 151|0x0000000089700000, 0x0000000089700000, 0x0000000089800000|  0%| F|  |TAMS 0x0000000089700000, 0x0000000089700000| Untracked 
| 152|0x0000000089800000, 0x0000000089800000, 0x0000000089900000|  0%| F|  |TAMS 0x0000000089800000, 0x0000000089800000| Untracked 
| 153|0x0000000089900000, 0x0000000089900000, 0x0000000089a00000|  0%| F|  |TAMS 0x0000000089900000, 0x0000000089900000| Untracked 
| 154|0x0000000089a00000, 0x0000000089a00000, 0x0000000089b00000|  0%| F|  |TAMS 0x0000000089a00000, 0x0000000089a00000| Untracked 
| 155|0x0000000089b00000, 0x0000000089b00000, 0x0000000089c00000|  0%| F|  |TAMS 0x0000000089b00000, 0x0000000089b00000| Untracked 
| 156|0x0000000089c00000, 0x0000000089c00000, 0x0000000089d00000|  0%| F|  |TAMS 0x0000000089c00000, 0x0000000089c00000| Untracked 
| 157|0x0000000089d00000, 0x0000000089d00000, 0x0000000089e00000|  0%| F|  |TAMS 0x0000000089d00000, 0x0000000089d00000| Untracked 
| 158|0x0000000089e00000, 0x0000000089e00000, 0x0000000089f00000|  0%| F|  |TAMS 0x0000000089e00000, 0x0000000089e00000| Untracked 
| 159|0x0000000089f00000, 0x0000000089f00000, 0x000000008a000000|  0%| F|  |TAMS 0x0000000089f00000, 0x0000000089f00000| Untracked 
| 160|0x000000008a000000, 0x000000008a000000, 0x000000008a100000|  0%| F|  |TAMS 0x000000008a000000, 0x000000008a000000| Untracked 
| 161|0x000000008a100000, 0x000000008a100000, 0x000000008a200000|  0%| F|  |TAMS 0x000000008a100000, 0x000000008a100000| Untracked 
| 162|0x000000008a200000, 0x000000008a200000, 0x000000008a300000|  0%| F|  |TAMS 0x000000008a200000, 0x000000008a200000| Untracked 
| 163|0x000000008a300000, 0x000000008a300000, 0x000000008a400000|  0%| F|  |TAMS 0x000000008a300000, 0x000000008a300000| Untracked 
| 164|0x000000008a400000, 0x000000008a400000, 0x000000008a500000|  0%| F|  |TAMS 0x000000008a400000, 0x000000008a400000| Untracked 
| 165|0x000000008a500000, 0x000000008a500000, 0x000000008a600000|  0%| F|  |TAMS 0x000000008a500000, 0x000000008a500000| Untracked 
| 166|0x000000008a600000, 0x000000008a600000, 0x000000008a700000|  0%| F|  |TAMS 0x000000008a600000, 0x000000008a600000| Untracked 
| 167|0x000000008a700000, 0x000000008a700000, 0x000000008a800000|  0%| F|  |TAMS 0x000000008a700000, 0x000000008a700000| Untracked 
| 168|0x000000008a800000, 0x000000008a800000, 0x000000008a900000|  0%| F|  |TAMS 0x000000008a800000, 0x000000008a800000| Untracked 
| 169|0x000000008a900000, 0x000000008a900000, 0x000000008aa00000|  0%| F|  |TAMS 0x000000008a900000, 0x000000008a900000| Untracked 
| 170|0x000000008aa00000, 0x000000008aa00000, 0x000000008ab00000|  0%| F|  |TAMS 0x000000008aa00000, 0x000000008aa00000| Untracked 
| 171|0x000000008ab00000, 0x000000008ab00000, 0x000000008ac00000|  0%| F|  |TAMS 0x000000008ab00000, 0x000000008ab00000| Untracked 
| 172|0x000000008ac00000, 0x000000008ac00000, 0x000000008ad00000|  0%| F|  |TAMS 0x000000008ac00000, 0x000000008ac00000| Untracked 
| 173|0x000000008ad00000, 0x000000008ad00000, 0x000000008ae00000|  0%| F|  |TAMS 0x000000008ad00000, 0x000000008ad00000| Untracked 
| 174|0x000000008ae00000, 0x000000008ae00000, 0x000000008af00000|  0%| F|  |TAMS 0x000000008ae00000, 0x000000008ae00000| Untracked 
| 175|0x000000008af00000, 0x000000008af00000, 0x000000008b000000|  0%| F|  |TAMS 0x000000008af00000, 0x000000008af00000| Untracked 
| 176|0x000000008b000000, 0x000000008b000000, 0x000000008b100000|  0%| F|  |TAMS 0x000000008b000000, 0x000000008b000000| Untracked 
| 177|0x000000008b100000, 0x000000008b100000, 0x000000008b200000|  0%| F|  |TAMS 0x000000008b100000, 0x000000008b100000| Untracked 
| 178|0x000000008b200000, 0x000000008b200000, 0x000000008b300000|  0%| F|  |TAMS 0x000000008b200000, 0x000000008b200000| Untracked 
| 179|0x000000008b300000, 0x000000008b300000, 0x000000008b400000|  0%| F|  |TAMS 0x000000008b300000, 0x000000008b300000| Untracked 
| 180|0x000000008b400000, 0x000000008b400000, 0x000000008b500000|  0%| F|  |TAMS 0x000000008b400000, 0x000000008b400000| Untracked 
| 181|0x000000008b500000, 0x000000008b500000, 0x000000008b600000|  0%| F|  |TAMS 0x000000008b500000, 0x000000008b500000| Untracked 
| 182|0x000000008b600000, 0x000000008b600000, 0x000000008b700000|  0%| F|  |TAMS 0x000000008b600000, 0x000000008b600000| Untracked 
| 183|0x000000008b700000, 0x000000008b700000, 0x000000008b800000|  0%| F|  |TAMS 0x000000008b700000, 0x000000008b700000| Untracked 
| 184|0x000000008b800000, 0x000000008b800000, 0x000000008b900000|  0%| F|  |TAMS 0x000000008b800000, 0x000000008b800000| Untracked 
| 185|0x000000008b900000, 0x000000008b900000, 0x000000008ba00000|  0%| F|  |TAMS 0x000000008b900000, 0x000000008b900000| Untracked 
| 186|0x000000008ba00000, 0x000000008ba00000, 0x000000008bb00000|  0%| F|  |TAMS 0x000000008ba00000, 0x000000008ba00000| Untracked 
| 187|0x000000008bb00000, 0x000000008bb00000, 0x000000008bc00000|  0%| F|  |TAMS 0x000000008bb00000, 0x000000008bb00000| Untracked 
| 188|0x000000008bc00000, 0x000000008bc00000, 0x000000008bd00000|  0%| F|  |TAMS 0x000000008bc00000, 0x000000008bc00000| Untracked 
| 189|0x000000008bd00000, 0x000000008bd00000, 0x000000008be00000|  0%| F|  |TAMS 0x000000008bd00000, 0x000000008bd00000| Untracked 
| 190|0x000000008be00000, 0x000000008be00000, 0x000000008bf00000|  0%| F|  |TAMS 0x000000008be00000, 0x000000008be00000| Untracked 
| 191|0x000000008bf00000, 0x000000008bf00000, 0x000000008c000000|  0%| F|  |TAMS 0x000000008bf00000, 0x000000008bf00000| Untracked 
| 192|0x000000008c000000, 0x000000008c000000, 0x000000008c100000|  0%| F|  |TAMS 0x000000008c000000, 0x000000008c000000| Untracked 
| 193|0x000000008c100000, 0x000000008c100000, 0x000000008c200000|  0%| F|  |TAMS 0x000000008c100000, 0x000000008c100000| Untracked 
| 194|0x000000008c200000, 0x000000008c200000, 0x000000008c300000|  0%| F|  |TAMS 0x000000008c200000, 0x000000008c200000| Untracked 
| 195|0x000000008c300000, 0x000000008c300000, 0x000000008c400000|  0%| F|  |TAMS 0x000000008c300000, 0x000000008c300000| Untracked 
| 196|0x000000008c400000, 0x000000008c400000, 0x000000008c500000|  0%| F|  |TAMS 0x000000008c400000, 0x000000008c400000| Untracked 
| 197|0x000000008c500000, 0x000000008c500000, 0x000000008c600000|  0%| F|  |TAMS 0x000000008c500000, 0x000000008c500000| Untracked 
| 198|0x000000008c600000, 0x000000008c600000, 0x000000008c700000|  0%| F|  |TAMS 0x000000008c600000, 0x000000008c600000| Untracked 
| 199|0x000000008c700000, 0x000000008c700000, 0x000000008c800000|  0%| F|  |TAMS 0x000000008c700000, 0x000000008c700000| Untracked 
| 200|0x000000008c800000, 0x000000008c800000, 0x000000008c900000|  0%| F|  |TAMS 0x000000008c800000, 0x000000008c800000| Untracked 
| 201|0x000000008c900000, 0x000000008c900000, 0x000000008ca00000|  0%| F|  |TAMS 0x000000008c900000, 0x000000008c900000| Untracked 
| 202|0x000000008ca00000, 0x000000008ca00000, 0x000000008cb00000|  0%| F|  |TAMS 0x000000008ca00000, 0x000000008ca00000| Untracked 
| 203|0x000000008cb00000, 0x000000008cb00000, 0x000000008cc00000|  0%| F|  |TAMS 0x000000008cb00000, 0x000000008cb00000| Untracked 
| 204|0x000000008cc00000, 0x000000008cc00000, 0x000000008cd00000|  0%| F|  |TAMS 0x000000008cc00000, 0x000000008cc00000| Untracked 
| 205|0x000000008cd00000, 0x000000008cd00000, 0x000000008ce00000|  0%| F|  |TAMS 0x000000008cd00000, 0x000000008cd00000| Untracked 
| 206|0x000000008ce00000, 0x000000008ce00000, 0x000000008cf00000|  0%| F|  |TAMS 0x000000008ce00000, 0x000000008ce00000| Untracked 
| 207|0x000000008cf00000, 0x000000008cf00000, 0x000000008d000000|  0%| F|  |TAMS 0x000000008cf00000, 0x000000008cf00000| Untracked 
| 208|0x000000008d000000, 0x000000008d000000, 0x000000008d100000|  0%| F|  |TAMS 0x000000008d000000, 0x000000008d000000| Untracked 
| 209|0x000000008d100000, 0x000000008d100000, 0x000000008d200000|  0%| F|  |TAMS 0x000000008d100000, 0x000000008d100000| Untracked 
| 210|0x000000008d200000, 0x000000008d200000, 0x000000008d300000|  0%| F|  |TAMS 0x000000008d200000, 0x000000008d200000| Untracked 
| 211|0x000000008d300000, 0x000000008d300000, 0x000000008d400000|  0%| F|  |TAMS 0x000000008d300000, 0x000000008d300000| Untracked 
| 212|0x000000008d400000, 0x000000008d400000, 0x000000008d500000|  0%| F|  |TAMS 0x000000008d400000, 0x000000008d400000| Untracked 
| 213|0x000000008d500000, 0x000000008d500000, 0x000000008d600000|  0%| F|  |TAMS 0x000000008d500000, 0x000000008d500000| Untracked 
| 214|0x000000008d600000, 0x000000008d600000, 0x000000008d700000|  0%| F|  |TAMS 0x000000008d600000, 0x000000008d600000| Untracked 
| 215|0x000000008d700000, 0x000000008d700000, 0x000000008d800000|  0%| F|  |TAMS 0x000000008d700000, 0x000000008d700000| Untracked 
| 216|0x000000008d800000, 0x000000008d800000, 0x000000008d900000|  0%| F|  |TAMS 0x000000008d800000, 0x000000008d800000| Untracked 
| 217|0x000000008d900000, 0x000000008d900000, 0x000000008da00000|  0%| F|  |TAMS 0x000000008d900000, 0x000000008d900000| Untracked 
| 218|0x000000008da00000, 0x000000008da00000, 0x000000008db00000|  0%| F|  |TAMS 0x000000008da00000, 0x000000008da00000| Untracked 
| 219|0x000000008db00000, 0x000000008db00000, 0x000000008dc00000|  0%| F|  |TAMS 0x000000008db00000, 0x000000008db00000| Untracked 
| 220|0x000000008dc00000, 0x000000008dc00000, 0x000000008dd00000|  0%| F|  |TAMS 0x000000008dc00000, 0x000000008dc00000| Untracked 
| 221|0x000000008dd00000, 0x000000008dd8c270, 0x000000008de00000| 54%| S|CS|TAMS 0x000000008dd00000, 0x000000008dd00000| Complete 
| 222|0x000000008de00000, 0x000000008de00000, 0x000000008df00000|  0%| F|  |TAMS 0x000000008de00000, 0x000000008de00000| Untracked 
| 223|0x000000008df00000, 0x000000008df00000, 0x000000008e000000|  0%| F|  |TAMS 0x000000008df00000, 0x000000008df00000| Untracked 
| 224|0x000000008e000000, 0x000000008e000000, 0x000000008e100000|  0%| F|  |TAMS 0x000000008e000000, 0x000000008e000000| Untracked 
| 225|0x000000008e100000, 0x000000008e100000, 0x000000008e200000|  0%| F|  |TAMS 0x000000008e100000, 0x000000008e100000| Untracked 
| 226|0x000000008e200000, 0x000000008e200000, 0x000000008e300000|  0%| F|  |TAMS 0x000000008e200000, 0x000000008e200000| Untracked 
| 227|0x000000008e300000, 0x000000008e300000, 0x000000008e400000|  0%| F|  |TAMS 0x000000008e300000, 0x000000008e300000| Untracked 
| 228|0x000000008e400000, 0x000000008e400000, 0x000000008e500000|  0%| F|  |TAMS 0x000000008e400000, 0x000000008e400000| Untracked 
| 229|0x000000008e500000, 0x000000008e500000, 0x000000008e600000|  0%| F|  |TAMS 0x000000008e500000, 0x000000008e500000| Untracked 
| 230|0x000000008e600000, 0x000000008e600000, 0x000000008e700000|  0%| F|  |TAMS 0x000000008e600000, 0x000000008e600000| Untracked 
| 231|0x000000008e700000, 0x000000008e700000, 0x000000008e800000|  0%| F|  |TAMS 0x000000008e700000, 0x000000008e700000| Untracked 
| 232|0x000000008e800000, 0x000000008e800000, 0x000000008e900000|  0%| F|  |TAMS 0x000000008e800000, 0x000000008e800000| Untracked 
| 233|0x000000008e900000, 0x000000008e900000, 0x000000008ea00000|  0%| F|  |TAMS 0x000000008e900000, 0x000000008e900000| Untracked 
| 234|0x000000008ea00000, 0x000000008ea00000, 0x000000008eb00000|  0%| F|  |TAMS 0x000000008ea00000, 0x000000008ea00000| Untracked 
| 235|0x000000008eb00000, 0x000000008eb00000, 0x000000008ec00000|  0%| F|  |TAMS 0x000000008eb00000, 0x000000008eb00000| Untracked 
| 236|0x000000008ec00000, 0x000000008ec00000, 0x000000008ed00000|  0%| F|  |TAMS 0x000000008ec00000, 0x000000008ec00000| Untracked 
| 237|0x000000008ed00000, 0x000000008ed00000, 0x000000008ee00000|  0%| F|  |TAMS 0x000000008ed00000, 0x000000008ed00000| Untracked 
| 238|0x000000008ee00000, 0x000000008ee00000, 0x000000008ef00000|  0%| F|  |TAMS 0x000000008ee00000, 0x000000008ee00000| Untracked 
| 239|0x000000008ef00000, 0x000000008ef00000, 0x000000008f000000|  0%| F|  |TAMS 0x000000008ef00000, 0x000000008ef00000| Untracked 
| 240|0x000000008f000000, 0x000000008f000000, 0x000000008f100000|  0%| F|  |TAMS 0x000000008f000000, 0x000000008f000000| Untracked 
| 241|0x000000008f100000, 0x000000008f100000, 0x000000008f200000|  0%| F|  |TAMS 0x000000008f100000, 0x000000008f100000| Untracked 
| 242|0x000000008f200000, 0x000000008f200000, 0x000000008f300000|  0%| F|  |TAMS 0x000000008f200000, 0x000000008f200000| Untracked 
| 243|0x000000008f300000, 0x000000008f300000, 0x000000008f400000|  0%| F|  |TAMS 0x000000008f300000, 0x000000008f300000| Untracked 
| 244|0x000000008f400000, 0x000000008f400000, 0x000000008f500000|  0%| F|  |TAMS 0x000000008f400000, 0x000000008f400000| Untracked 
| 245|0x000000008f500000, 0x000000008f500000, 0x000000008f600000|  0%| F|  |TAMS 0x000000008f500000, 0x000000008f500000| Untracked 
| 246|0x000000008f600000, 0x000000008f600000, 0x000000008f700000|  0%| F|  |TAMS 0x000000008f600000, 0x000000008f600000| Untracked 
| 247|0x000000008f700000, 0x000000008f700000, 0x000000008f800000|  0%| F|  |TAMS 0x000000008f700000, 0x000000008f700000| Untracked 
| 248|0x000000008f800000, 0x000000008f800000, 0x000000008f900000|  0%| F|  |TAMS 0x000000008f800000, 0x000000008f800000| Untracked 
| 249|0x000000008f900000, 0x000000008f900000, 0x000000008fa00000|  0%| F|  |TAMS 0x000000008f900000, 0x000000008f900000| Untracked 
| 250|0x000000008fa00000, 0x000000008fa00000, 0x000000008fb00000|  0%| F|  |TAMS 0x000000008fa00000, 0x000000008fa00000| Untracked 
| 251|0x000000008fb00000, 0x000000008fb00000, 0x000000008fc00000|  0%| F|  |TAMS 0x000000008fb00000, 0x000000008fb00000| Untracked 
| 252|0x000000008fc00000, 0x000000008fc00000, 0x000000008fd00000|  0%| F|  |TAMS 0x000000008fc00000, 0x000000008fc00000| Untracked 
| 253|0x000000008fd00000, 0x000000008fd00000, 0x000000008fe00000|  0%| F|  |TAMS 0x000000008fd00000, 0x000000008fd00000| Untracked 

Card table byte_map: [0x000001c9e93c0000,0x000001c9e97c0000] _byte_map_base: 0x000001c9e8fc0000

Marking Bits (Prev, Next): (CMBitMap*) 0x000001c9d61e1bd0, (CMBitMap*) 0x000001c9d61e1b98
 Prev Bits: [0x000001c9ebbc0000, 0x000001c9edbc0000)
 Next Bits: [0x000001c9e9bc0000, 0x000001c9ebbc0000)

Polling page: 0x000001c9d40d0000

Metaspace:

Usage:
  Non-class:     98.44 MB capacity,    96.83 MB ( 98%) used,     1.30 MB (  1%) free+waste,   325.06 KB ( <1%) overhead. 
      Class:     14.87 MB capacity,    13.87 MB ( 93%) used,   872.23 KB (  6%) free+waste,   143.25 KB ( <1%) overhead. 
       Both:    113.31 MB capacity,   110.70 MB ( 98%) used,     2.15 MB (  2%) free+waste,   468.31 KB ( <1%) overhead. 

Virtual space:
  Non-class space:      108.00 MB reserved,      98.50 MB ( 91%) committed 
      Class space:        1.00 GB reserved,      14.95 MB (  1%) committed 
             Both:        1.11 GB reserved,     113.45 MB ( 10%) committed 

Chunk freelists:
   Non-Class:  57.00 KB
       Class:  10.00 KB
        Both:  67.00 KB

MaxMetaspaceSize: 17179869184.00 GB
CompressedClassSpaceSize: 1.00 GB

CodeHeap 'non-profiled nmethods': size=120000Kb used=11518Kb max_used=11518Kb free=108482Kb
 bounds [0x000001c9e1760000, 0x000001c9e22a0000, 0x000001c9e8c90000]
CodeHeap 'profiled nmethods': size=120000Kb used=37407Kb max_used=37407Kb free=82592Kb
 bounds [0x000001c9da230000, 0x000001c9dc6c0000, 0x000001c9e1760000]
CodeHeap 'non-nmethods': size=5760Kb used=2356Kb max_used=2431Kb free=3403Kb
 bounds [0x000001c9d9c90000, 0x000001c9d9f00000, 0x000001c9da230000]
 total_blobs=17834 nmethods=16849 adapters=895
 compilation: enabled
              stopped_count=0, restarted_count=0
 full_count=0

Compilation events (20 events):
Event: 1151.406 Thread 0x000001c9fec1a800 nmethod 17131 0x000001c9e2298510 code [0x000001c9e2298800, 0x000001c9e229c7f0]
Event: 1151.447 Thread 0x000001c9f373e800 17199       4       com.google.common.cache.LocalCache::getIfPresent (49 bytes)
Event: 1151.447 Thread 0x000001c9f0edb800 17200       3       java.util.concurrent.atomic.AtomicReference::<init> (10 bytes)
Event: 1151.447 Thread 0x000001c9f0edb800 nmethod 17200 0x000001c9dc6ad890 code [0x000001c9dc6ada40, 0x000001c9dc6adbf8]
Event: 1151.453 Thread 0x000001c9f0edb800 17204       3       org.gradle.api.tasks.util.internal.PatternSpecFactory::createIncludeSpec (67 bytes)
Event: 1151.456 Thread 0x000001c9f0edb800 nmethod 17204 0x000001c9dc6adc90 code [0x000001c9dc6ae0e0, 0x000001c9dc6b0478]
Event: 1151.456 Thread 0x000001c9f0edb800 17206       3       org.gradle.api.specs.Specs::negate (57 bytes)
Event: 1151.457 Thread 0x000001c9f0edb800 nmethod 17206 0x000001c9dc6b0f90 code [0x000001c9dc6b11c0, 0x000001c9dc6b1a38]
Event: 1151.457 Thread 0x000001c9f0edb800 17205       3       org.gradle.api.tasks.util.internal.PatternSpecFactory::createExcludeSpec (98 bytes)
Event: 1151.461 Thread 0x000001c9f0edb800 nmethod 17205 0x000001c9dc6b1c90 code [0x000001c9dc6b2180, 0x000001c9dc6b4e68]
Event: 1151.461 Thread 0x000001c9f0edb800 17202       3       org.gradle.api.tasks.util.PatternSet::getAsSpec (9 bytes)
Event: 1151.461 Thread 0x000001c9f0edb800 nmethod 17202 0x000001c9dc6b5c10 code [0x000001c9dc6b5e20, 0x000001c9dc6b6558]
Event: 1151.461 Thread 0x000001c9f0edb800 17203       3       org.gradle.api.tasks.util.internal.PatternSpecFactory::createSpec (27 bytes)
Event: 1151.462 Thread 0x000001c9f0edb800 nmethod 17203 0x000001c9dc6b6710 code [0x000001c9dc6b6960, 0x000001c9dc6b7358]
Event: 1151.462 Thread 0x000001c9f0edb800 17208       3       com.google.common.base.Joiner::toString (24 bytes)
Event: 1151.462 Thread 0x000001c9f0edb800 nmethod 17208 0x000001c9dc6b7610 code [0x000001c9dc6b7800, 0x000001c9dc6b7d78]
Event: 1151.462 Thread 0x000001c9f0edb800 17207       1       org.gradle.api.internal.file.DefaultFileTreeElement::getFile (5 bytes)
Event: 1151.462 Thread 0x000001c9f0edb800 nmethod 17207 0x000001c9e229f210 code [0x000001c9e229f3c0, 0x000001c9e229f478]
Event: 1151.464 Thread 0x000001c9fec1a800 17209       4       java.nio.ByteBuffer::arrayOffset (35 bytes)
Event: 1151.465 Thread 0x000001c9fec1a800 nmethod 17209 0x000001c9e229f510 code [0x000001c9e229f6a0, 0x000001c9e229f738]

GC Heap History (20 events):
Event: 39.594 GC heap before
{Heap before GC invocations=13 (full 0):
 garbage-first heap   total 260096K, used 165641K [0x0000000080000000, 0x0000000100000000)
  region size 1024K, 108 young (110592K), 8 survivors (8192K)
 Metaspace       used 82218K, capacity 84246K, committed 84556K, reserved 1122304K
  class space    used 10712K, capacity 11500K, committed 11596K, reserved 1048576K
}
Event: 39.619 GC heap after
{Heap after GC invocations=14 (full 0):
 garbage-first heap   total 260096K, used 70721K [0x0000000080000000, 0x0000000100000000)
  region size 1024K, 14 young (14336K), 14 survivors (14336K)
 Metaspace       used 82218K, capacity 84246K, committed 84556K, reserved 1122304K
  class space    used 10712K, capacity 11500K, committed 11596K, reserved 1048576K
}
Event: 42.548 GC heap before
{Heap before GC invocations=14 (full 0):
 garbage-first heap   total 260096K, used 174145K [0x0000000080000000, 0x0000000100000000)
  region size 1024K, 116 young (118784K), 14 survivors (14336K)
 Metaspace       used 83783K, capacity 85832K, committed 85964K, reserved 1124352K
  class space    used 10868K, capacity 11632K, committed 11724K, reserved 1048576K
}
Event: 42.574 GC heap after
{Heap after GC invocations=15 (full 0):
 garbage-first heap   total 260096K, used 76929K [0x0000000080000000, 0x0000000100000000)
  region size 1024K, 13 young (13312K), 13 survivors (13312K)
 Metaspace       used 83783K, capacity 85832K, committed 85964K, reserved 1124352K
  class space    used 10868K, capacity 11632K, committed 11724K, reserved 1048576K
}
Event: 45.907 GC heap before
{Heap before GC invocations=15 (full 0):
 garbage-first heap   total 260096K, used 182401K [0x0000000080000000, 0x0000000100000000)
  region size 1024K, 117 young (119808K), 13 survivors (13312K)
 Metaspace       used 88851K, capacity 90967K, committed 91212K, reserved 1128448K
  class space    used 11496K, capacity 12293K, committed 12364K, reserved 1048576K
}
Event: 45.937 GC heap after
{Heap after GC invocations=16 (full 0):
 garbage-first heap   total 260096K, used 82163K [0x0000000080000000, 0x0000000100000000)
  region size 1024K, 12 young (12288K), 12 survivors (12288K)
 Metaspace       used 88851K, capacity 90967K, committed 91212K, reserved 1128448K
  class space    used 11496K, capacity 12293K, committed 12364K, reserved 1048576K
}
Event: 1131.800 GC heap before
{Heap before GC invocations=16 (full 0):
 garbage-first heap   total 260096K, used 218355K [0x0000000080000000, 0x0000000100000000)
  region size 1024K, 117 young (119808K), 12 survivors (12288K)
 Metaspace       used 92918K, capacity 95165K, committed 95180K, reserved 1132544K
  class space    used 11936K, capacity 12734K, committed 12748K, reserved 1048576K
}
Event: 1131.842 GC heap after
{Heap after GC invocations=17 (full 0):
 garbage-first heap   total 260096K, used 88947K [0x0000000080000000, 0x0000000100000000)
  region size 1024K, 13 young (13312K), 13 survivors (13312K)
 Metaspace       used 92918K, capacity 95165K, committed 95180K, reserved 1132544K
  class space    used 11936K, capacity 12734K, committed 12748K, reserved 1048576K
}
Event: 1136.017 GC heap before
{Heap before GC invocations=17 (full 0):
 garbage-first heap   total 260096K, used 196467K [0x0000000080000000, 0x0000000100000000)
  region size 1024K, 117 young (119808K), 13 survivors (13312K)
 Metaspace       used 99185K, capacity 101819K, committed 102092K, reserved 1138688K
  class space    used 12724K, capacity 13693K, committed 13772K, reserved 1048576K
}
Event: 1136.046 GC heap after
{Heap after GC invocations=18 (full 0):
 garbage-first heap   total 260096K, used 101945K [0x0000000080000000, 0x0000000100000000)
  region size 1024K, 15 young (15360K), 15 survivors (15360K)
 Metaspace       used 99185K, capacity 101819K, committed 102092K, reserved 1138688K
  class space    used 12724K, capacity 13693K, committed 13772K, reserved 1048576K
}
Event: 1139.045 GC heap before
{Heap before GC invocations=18 (full 0):
 garbage-first heap   total 260096K, used 216633K [0x0000000080000000, 0x0000000100000000)
  region size 1024K, 111 young (113664K), 15 survivors (15360K)
 Metaspace       used 104077K, capacity 106738K, committed 106956K, reserved 1142784K
  class space    used 13239K, capacity 14210K, committed 14284K, reserved 1048576K
}
Event: 1139.079 GC heap after
{Heap after GC invocations=19 (full 0):
 garbage-first heap   total 260096K, used 112497K [0x0000000080000000, 0x0000000100000000)
  region size 1024K, 13 young (13312K), 13 survivors (13312K)
 Metaspace       used 104077K, capacity 106738K, committed 106956K, reserved 1142784K
  class space    used 13239K, capacity 14210K, committed 14284K, reserved 1048576K
}
Event: 1140.776 GC heap before
{Heap before GC invocations=19 (full 0):
 garbage-first heap   total 260096K, used 190321K [0x0000000080000000, 0x0000000100000000)
  region size 1024K, 91 young (93184K), 13 survivors (13312K)
 Metaspace       used 109631K, capacity 112189K, committed 112332K, reserved 1146880K
  class space    used 13738K, capacity 14689K, committed 14796K, reserved 1048576K
}
Event: 1140.799 GC heap after
{Heap after GC invocations=20 (full 0):
 garbage-first heap   total 260096K, used 115924K [0x0000000080000000, 0x0000000100000000)
  region size 1024K, 4 young (4096K), 4 survivors (4096K)
 Metaspace       used 109631K, capacity 112189K, committed 112332K, reserved 1146880K
  class space    used 13738K, capacity 14689K, committed 14796K, reserved 1048576K
}
Event: 1150.901 GC heap before
{Heap before GC invocations=21 (full 0):
 garbage-first heap   total 260096K, used 196182K [0x0000000080000000, 0x0000000100000000)
  region size 1024K, 93 young (95232K), 4 survivors (4096K)
 Metaspace       used 112637K, capacity 115334K, committed 115532K, reserved 1148928K
  class space    used 14111K, capacity 15095K, committed 15180K, reserved 1048576K
}
Event: 1150.918 GC heap after
{Heap after GC invocations=22 (full 0):
 garbage-first heap   total 260096K, used 109797K [0x0000000080000000, 0x0000000100000000)
  region size 1024K, 8 young (8192K), 8 survivors (8192K)
 Metaspace       used 112637K, capacity 115334K, committed 115532K, reserved 1148928K
  class space    used 14111K, capacity 15095K, committed 15180K, reserved 1048576K
}
Event: 1151.034 GC heap before
{Heap before GC invocations=22 (full 0):
 garbage-first heap   total 260096K, used 113893K [0x0000000080000000, 0x0000000100000000)
  region size 1024K, 12 young (12288K), 8 survivors (8192K)
 Metaspace       used 112747K, capacity 115500K, committed 115788K, reserved 1150976K
  class space    used 14126K, capacity 15129K, committed 15180K, reserved 1048576K
}
Event: 1151.045 GC heap after
{Heap after GC invocations=23 (full 0):
 garbage-first heap   total 260096K, used 107815K [0x0000000080000000, 0x0000000100000000)
  region size 1024K, 2 young (2048K), 2 survivors (2048K)
 Metaspace       used 112747K, capacity 115500K, committed 115788K, reserved 1150976K
  class space    used 14126K, capacity 15129K, committed 15180K, reserved 1048576K
}
Event: 1151.477 GC heap before
{Heap before GC invocations=23 (full 0):
 garbage-first heap   total 260096K, used 137511K [0x0000000080000000, 0x0000000100000000)
  region size 1024K, 32 young (32768K), 2 survivors (2048K)
 Metaspace       used 113359K, capacity 116029K, committed 116172K, reserved 1157120K
  class space    used 14206K, capacity 15222K, committed 15308K, reserved 1048576K
}
Event: 1151.483 GC heap after
{Heap after GC invocations=24 (full 0):
 garbage-first heap   total 260096K, used 107198K [0x0000000080000000, 0x0000000100000000)
  region size 1024K, 1 young (1024K), 1 survivors (1024K)
 Metaspace       used 113359K, capacity 116029K, committed 116172K, reserved 1157120K
  class space    used 14206K, capacity 15222K, committed 15308K, reserved 1048576K
}

Deoptimization events (20 events):
Event: 1151.445 Thread 0x000001c9f3ba0000 Uncommon trap: trap_request=0xffffffde fr.pc=0x000001c9e1ce7fc4 relative=0x0000000000000cc4
Event: 1151.445 Thread 0x000001c9f3ba0000 Uncommon trap: reason=class_check action=maybe_recompile pc=0x000001c9e1ce7fc4 method=com.google.common.cache.LocalCache.getIfPresent(Ljava/lang/Object;)Ljava/lang/Object; @ 29 c2
Event: 1151.445 Thread 0x000001c9f3ba0000 DEOPT PACKING pc=0x000001c9e1ce7fc4 sp=0x000000737cef97c0
Event: 1151.445 Thread 0x000001c9f3ba0000 DEOPT UNPACKING pc=0x000001c9d9cb78af sp=0x000000737cef97a8 mode 2
Event: 1151.471 Thread 0x000001c9f3ba0000 Uncommon trap: trap_request=0xffffffde fr.pc=0x000001c9e1b9049c relative=0x00000000000012fc
Event: 1151.471 Thread 0x000001c9f3ba0000 Uncommon trap: reason=class_check action=maybe_recompile pc=0x000001c9e1b9049c method=jdk.internal.loader.BuiltinClassLoader.loadClassOrNull(Ljava/lang/String;Z)Ljava/lang/Class; @ 66 c2
Event: 1151.471 Thread 0x000001c9f3ba0000 DEOPT PACKING pc=0x000001c9e1b9049c sp=0x000000737cef71c0
Event: 1151.471 Thread 0x000001c9f3ba0000 DEOPT UNPACKING pc=0x000001c9d9cb78af sp=0x000000737cef7188 mode 2
Event: 1151.471 Thread 0x000001c9f3ba0000 Uncommon trap: trap_request=0xffffffde fr.pc=0x000001c9e1b9049c relative=0x00000000000012fc
Event: 1151.471 Thread 0x000001c9f3ba0000 Uncommon trap: reason=class_check action=maybe_recompile pc=0x000001c9e1b9049c method=jdk.internal.loader.BuiltinClassLoader.loadClassOrNull(Ljava/lang/String;Z)Ljava/lang/Class; @ 66 c2
Event: 1151.471 Thread 0x000001c9f3ba0000 DEOPT PACKING pc=0x000001c9e1b9049c sp=0x000000737cef6da0
Event: 1151.471 Thread 0x000001c9f3ba0000 DEOPT UNPACKING pc=0x000001c9d9cb78af sp=0x000000737cef6d68 mode 2
Event: 1151.473 Thread 0x000001c9f3ba0000 Uncommon trap: trap_request=0xffffffde fr.pc=0x000001c9e1b9049c relative=0x00000000000012fc
Event: 1151.473 Thread 0x000001c9f3ba0000 Uncommon trap: reason=class_check action=maybe_recompile pc=0x000001c9e1b9049c method=jdk.internal.loader.BuiltinClassLoader.loadClassOrNull(Ljava/lang/String;Z)Ljava/lang/Class; @ 66 c2
Event: 1151.473 Thread 0x000001c9f3ba0000 DEOPT PACKING pc=0x000001c9e1b9049c sp=0x000000737cef6da0
Event: 1151.473 Thread 0x000001c9f3ba0000 DEOPT UNPACKING pc=0x000001c9d9cb78af sp=0x000000737cef6d68 mode 2
Event: 1151.474 Thread 0x000001c9f3ba0000 Uncommon trap: trap_request=0xffffffde fr.pc=0x000001c9e1b9049c relative=0x00000000000012fc
Event: 1151.474 Thread 0x000001c9f3ba0000 Uncommon trap: reason=class_check action=maybe_recompile pc=0x000001c9e1b9049c method=jdk.internal.loader.BuiltinClassLoader.loadClassOrNull(Ljava/lang/String;Z)Ljava/lang/Class; @ 66 c2
Event: 1151.474 Thread 0x000001c9f3ba0000 DEOPT PACKING pc=0x000001c9e1b9049c sp=0x000000737cef6bb0
Event: 1151.474 Thread 0x000001c9f3ba0000 DEOPT UNPACKING pc=0x000001c9d9cb78af sp=0x000000737cef6b78 mode 2

Classes redefined (0 events):
No events

Internal exceptions (20 events):
Event: 1144.801 Thread 0x000001c9f3ba0000 Exception <a 'java/lang/NoSuchMethodError'{0x000000008a92e7a8}: <clinit>> (0x000000008a92e7a8) thrown at [./src/hotspot/share/prims/jni.cpp, line 1362]
Event: 1144.803 Thread 0x000001c9f3ba0000 Exception <a 'java/lang/NoSuchMethodError'{0x000000008a940570}: <clinit>> (0x000000008a940570) thrown at [./src/hotspot/share/prims/jni.cpp, line 1362]
Event: 1144.823 Thread 0x000001c9f3ba0000 Exception <a 'java/lang/NoSuchMethodError'{0x000000008a9e8358}: 'java.lang.Object java.lang.invoke.DirectMethodHandle$Holder.invokeSpecial(java.lang.Object, java.lang.Object, int, int, java.lang.Object, int, java.lang.Object, java.lang.Object)'> (0x000000008a9e8358) thrown at [./src/hotspot/share/interpreter/linkResolver.cpp, line 773]
Event: 1144.823 Thread 0x000001c9f3ba0000 Exception <a 'java/lang/NoSuchMethodError'{0x000000008a9ec6e0}: 'java.lang.Object java.lang.invoke.DelegatingMethodHandle$Holder.reinvoke_L(java.lang.Object, int, int, java.lang.Object, int, java.lang.Object, java.lang.Object)'> (0x000000008a9ec6e0) thrown at [./src/hotspot/share/interpreter/linkResolver.cpp, line 773]
Event: 1144.825 Thread 0x000001c9f3ba0000 Exception <a 'java/lang/NoSuchMethodError'{0x000000008a817be0}: 'java.lang.Object java.lang.invoke.DirectMethodHandle$Holder.invokeStatic(java.lang.Object, java.lang.Object, java.lang.Object, java.lang.Object, java.lang.Object, java.lang.Object, java.lang.Object, java.lang.Object, int)'> (0x000000008a817be0) thrown at [./src/hotspot/share/interpreter/linkResolver.cpp, line 773]
Event: 1144.827 Thread 0x000001c9f3ba0000 Exception <a 'java/lang/NoSuchMethodError'{0x000000008a832e80}: 'java.lang.Object java.lang.invoke.DirectMethodHandle$Holder.invokeStatic(java.lang.Object, java.lang.Object, java.lang.Object, java.lang.Object, java.lang.Object, java.lang.Object, java.lang.Object, java.lang.Object, int, int)'> (0x000000008a832e80) thrown at [./src/hotspot/share/interpreter/linkResolver.cpp, line 773]
Event: 1144.828 Thread 0x000001c9f3ba0000 Exception <a 'java/lang/NoSuchMethodError'{0x000000008a84f020}: 'java.lang.Object java.lang.invoke.DirectMethodHandle$Holder.invokeStatic(java.lang.Object, java.lang.Object, java.lang.Object, java.lang.Object, java.lang.Object, java.lang.Object, java.lang.Object, java.lang.Object, int, int, java.lang.Object)'> (0x000000008a84f020) thrown at [./src/hotspot/share/interpreter/linkResolver.cpp, line 773]
Event: 1144.830 Thread 0x000001c9f3ba0000 Exception <a 'java/lang/NoSuchMethodError'{0x000000008a86c598}: 'java.lang.Object java.lang.invoke.DirectMethodHandle$Holder.invokeStatic(java.lang.Object, java.lang.Object, java.lang.Object, java.lang.Object, java.lang.Object, java.lang.Object, java.lang.Object, java.lang.Object, int, int, java.lang.Object, java.lang.Object)'> (0x000000008a86c598) thrown at [./src/hotspot/share/interpreter/linkResolver.cpp, line 773]
Event: 1144.843 Thread 0x000001c9f3ba0000 Exception <a 'java/lang/NoSuchMethodError'{0x000000008a89f398}: <clinit>> (0x000000008a89f398) thrown at [./src/hotspot/share/prims/jni.cpp, line 1362]
Event: 1144.847 Thread 0x000001c9f3ba0000 Exception <a 'java/lang/NoSuchMethodError'{0x000000008a8d1b18}: <clinit>> (0x000000008a8d1b18) thrown at [./src/hotspot/share/prims/jni.cpp, line 1362]
Event: 1144.851 Thread 0x000001c9fb97d800 Exception <a 'java/lang/InterruptedException'{0x000000008a700800}> (0x000000008a700800) thrown at [./src/hotspot/share/runtime/objectMonitor.cpp, line 1635]
Event: 1144.853 Thread 0x000001c9fb97d800 Exception <a 'java/lang/NoSuchMethodError'{0x000000008a708610}: 'java.lang.Object java.lang.invoke.DirectMethodHandle$Holder.invokeStatic(java.lang.Object, java.lang.Object, int, java.lang.Object, long)'> (0x000000008a708610) thrown at [./src/hotspot/share/interpreter/linkResolver.cpp, line 773]
Event: 1144.868 Thread 0x000001c9f3ba0000 Exception <a 'java/lang/NoSuchMethodError'{0x000000008a737890}: <clinit>> (0x000000008a737890) thrown at [./src/hotspot/share/prims/jni.cpp, line 1362]
Event: 1144.870 Thread 0x000001c9f3ba0000 Exception <a 'java/lang/NoSuchMethodError'{0x000000008a749688}: <clinit>> (0x000000008a749688) thrown at [./src/hotspot/share/prims/jni.cpp, line 1362]
Event: 1144.872 Thread 0x000001c9f3ba0000 Exception <a 'java/lang/NoSuchMethodError'{0x000000008a75b458}: <clinit>> (0x000000008a75b458) thrown at [./src/hotspot/share/prims/jni.cpp, line 1362]
Event: 1144.879 Thread 0x000001c9f3ba0000 Exception <a 'java/lang/NoSuchMethodError'{0x000000008a7b6000}: <clinit>> (0x000000008a7b6000) thrown at [./src/hotspot/share/prims/jni.cpp, line 1362]
Event: 1144.919 Thread 0x000001c9f3ba0000 Exception <a 'java/lang/NoSuchMethodError'{0x000000008a567470}: <clinit>> (0x000000008a567470) thrown at [./src/hotspot/share/prims/jni.cpp, line 1362]
Event: 1144.956 Thread 0x000001c9fb980000 Exception <a 'java/lang/NoSuchMethodError'{0x000000008a343920}: 'java.lang.Object java.lang.invoke.DirectMethodHandle$Holder.invokeStatic(java.lang.Object, java.lang.Object, java.lang.Object, java.lang.Object, java.lang.Object, java.lang.Object, java.lang.Object, java.lang.Object, java.lang.Object, java.lang.Object, java.lang.Object, java.lang.Object, java.lang.Object, int)'> (0x000000008a343920) thrown at [./src/hotspot/share/interpreter/linkResolver.cpp, line 773]
Event: 1144.958 Thread 0x000001c9fb980000 Exception <a 'java/lang/NoSuchMethodError'{0x000000008a350388}: 'java.lang.Object java.lang.invoke.DirectMethodHandle$Holder.invokeStatic(java.lang.Object, java.lang.Object, java.lang.Object, java.lang.Object, java.lang.Object, java.lang.Object, java.lang.Object, java.lang.Object, java.lang.Object, java.lang.Object, java.lang.Object, java.lang.Object, java.lang.Object, int, int)'> (0x000000008a350388) thrown at [./src/hotspot/share/interpreter/linkResolver.cpp, line 773]
Event: 1151.440 Thread 0x000001c9f3ba0000 Exception <a 'java/lang/NoSuchMethodError'{0x000000008e0635f8}: 'java.lang.Object java.lang.invoke.DirectMethodHandle$Holder.invokeStatic(java.lang.Object, java.lang.Object, int, java.lang.Object, java.lang.Object, java.lang.Object, java.lang.Object)'> (0x000000008e0635f8) thrown at [./src/hotspot/share/interpreter/linkResolver.cpp, line 773]

Events (20 events):
Event: 1151.443 Executing VM operation: RevokeBias done
Event: 1151.444 loading class org/gradle/api/internal/tasks/compile/processing/AnnotationProcessorDeclaration
Event: 1151.444 loading class org/gradle/api/internal/tasks/compile/processing/AnnotationProcessorDeclaration done
Event: 1151.444 loading class org/gradle/cache/internal/DefaultFileContentCacheFactory$DefaultFileContentCache
Event: 1151.444 loading class org/gradle/cache/internal/DefaultFileContentCacheFactory$DefaultFileContentCache done
Event: 1151.449 loading class com/google/common/base/Predicate
Event: 1151.449 loading class com/google/common/base/Predicate done
Event: 1151.457 loading class org/gradle/api/internal/tasks/compile/JdkJavaCompilerResult
Event: 1151.457 loading class org/gradle/api/internal/tasks/compile/JdkJavaCompilerResult done
Event: 1151.458 loading class org/gradle/api/internal/tasks/compile/incremental/processing/AnnotationProcessingResult
Event: 1151.458 loading class org/gradle/api/internal/tasks/compile/incremental/processing/AnnotationProcessingResult done
Event: 1151.459 loading class org/gradle/api/internal/tasks/compile/JavaCompilerArgumentsBuilder
Event: 1151.459 loading class org/gradle/api/internal/tasks/compile/JavaCompilerArgumentsBuilder done
Event: 1151.462 loading class org/gradle/api/internal/tasks/compile/JdkTools
Event: 1151.462 loading class org/gradle/api/internal/tasks/compile/JdkTools done
Event: 1151.466 loading class org/gradle/api/internal/tasks/compile/JdkTools$DefaultIncrementalAwareCompiler
Event: 1151.466 loading class org/gradle/api/internal/tasks/compile/JdkTools$DefaultIncrementalAwareCompiler done
Event: 1151.467 loading class org/gradle/api/internal/tasks/compile/IncrementalCompilationAwareJavaCompiler
Event: 1151.467 loading class org/gradle/api/internal/tasks/compile/IncrementalCompilationAwareJavaCompiler done
Event: 1151.477 Executing VM operation: CollectForMetadataAllocation


Dynamic libraries:
0x00007ff77c1e0000 - 0x00007ff77c1ea000 	C:\Program Files\Android\Android Studio\jre\bin\java.exe
0x00007ffd7bcb0000 - 0x00007ffd7bea5000 	C:\WINDOWS\SYSTEM32\ntdll.dll
0x00007ffd7a840000 - 0x00007ffd7a8fe000 	C:\WINDOWS\System32\KERNEL32.DLL
0x00007ffd796e0000 - 0x00007ffd799a9000 	C:\WINDOWS\System32\KERNELBASE.dll
0x00007ffd79a50000 - 0x00007ffd79b50000 	C:\WINDOWS\System32\ucrtbase.dll
0x00007ffd5fc80000 - 0x00007ffd5fc97000 	C:\Program Files\Android\Android Studio\jre\bin\VCRUNTIME140.dll
0x00007ffd73af0000 - 0x00007ffd73b09000 	C:\Program Files\Android\Android Studio\jre\bin\jli.dll
0x00007ffd7aa20000 - 0x00007ffd7abc1000 	C:\WINDOWS\System32\USER32.dll
0x00007ffd796b0000 - 0x00007ffd796d2000 	C:\WINDOWS\System32\win32u.dll
0x00007ffd69a60000 - 0x00007ffd69cfa000 	C:\WINDOWS\WinSxS\amd64_microsoft.windows.common-controls_6595b64144ccf1df_6.0.19041.1110_none_60b5254171f9507e\COMCTL32.dll
0x00007ffd79d00000 - 0x00007ffd79d2b000 	C:\WINDOWS\System32\GDI32.dll
0x00007ffd7b8e0000 - 0x00007ffd7b97e000 	C:\WINDOWS\System32\msvcrt.dll
0x00007ffd79540000 - 0x00007ffd7964b000 	C:\WINDOWS\System32\gdi32full.dll
0x00007ffd799b0000 - 0x00007ffd79a4d000 	C:\WINDOWS\System32\msvcp_win.dll
0x00007ffd7b0b0000 - 0x00007ffd7b0e0000 	C:\WINDOWS\System32\IMM32.DLL
0x00007ffd3b930000 - 0x00007ffd3b9cd000 	C:\Program Files\Android\Android Studio\jre\bin\msvcp140.dll
0x00007ffd14ce0000 - 0x00007ffd157af000 	C:\Program Files\Android\Android Studio\jre\bin\server\jvm.dll
0x00007ffd7b0e0000 - 0x00007ffd7b18c000 	C:\WINDOWS\System32\ADVAPI32.dll
0x00007ffd7b980000 - 0x00007ffd7ba1b000 	C:\WINDOWS\System32\sechost.dll
0x00007ffd7ba40000 - 0x00007ffd7bb6a000 	C:\WINDOWS\System32\RPCRT4.dll
0x00007ffd7b0a0000 - 0x00007ffd7b0a8000 	C:\WINDOWS\System32\PSAPI.DLL
0x00007ffd601f0000 - 0x00007ffd601f9000 	C:\WINDOWS\SYSTEM32\WSOCK32.dll
0x00007ffd7a6c0000 - 0x00007ffd7a72b000 	C:\WINDOWS\System32\WS2_32.dll
0x00007ffd717c0000 - 0x00007ffd717ca000 	C:\WINDOWS\SYSTEM32\VERSION.dll
0x00007ffd6d310000 - 0x00007ffd6d337000 	C:\WINDOWS\SYSTEM32\WINMM.dll
0x00007ffd772d0000 - 0x00007ffd772e2000 	C:\WINDOWS\SYSTEM32\kernel.appcore.dll
0x00007ffd6b800000 - 0x00007ffd6b811000 	C:\Program Files\Android\Android Studio\jre\bin\verify.dll
0x00007ffd701a0000 - 0x00007ffd70384000 	C:\WINDOWS\SYSTEM32\DBGHELP.DLL
0x00007ffd64210000 - 0x00007ffd6423c000 	C:\WINDOWS\SYSTEM32\dbgcore.DLL
0x00007ffd79400000 - 0x00007ffd79483000 	C:\WINDOWS\System32\bcryptPrimitives.dll
0x00007ffd687b0000 - 0x00007ffd687d9000 	C:\Program Files\Android\Android Studio\jre\bin\java.dll
0x00007ffd73ae0000 - 0x00007ffd73aeb000 	C:\Program Files\Android\Android Studio\jre\bin\jimage.dll
0x00007ffd6b5a0000 - 0x00007ffd6b5b8000 	C:\Program Files\Android\Android Studio\jre\bin\zip.dll
0x00007ffd7b190000 - 0x00007ffd7b8cf000 	C:\WINDOWS\System32\SHELL32.dll
0x00007ffd774d0000 - 0x00007ffd77c60000 	C:\WINDOWS\SYSTEM32\windows.storage.dll
0x00007ffd7a1b0000 - 0x00007ffd7a505000 	C:\WINDOWS\System32\combase.dll
0x00007ffd78e20000 - 0x00007ffd78e4c000 	C:\WINDOWS\SYSTEM32\Wldp.dll
0x00007ffd7ac30000 - 0x00007ffd7acdd000 	C:\WINDOWS\System32\SHCORE.dll
0x00007ffd7abd0000 - 0x00007ffd7ac25000 	C:\WINDOWS\System32\shlwapi.dll
0x00007ffd79310000 - 0x00007ffd7932f000 	C:\WINDOWS\SYSTEM32\profapi.dll
0x00007ffd68770000 - 0x00007ffd6878a000 	C:\Program Files\Android\Android Studio\jre\bin\net.dll
0x00007ffd6ab30000 - 0x00007ffd6ac38000 	C:\WINDOWS\SYSTEM32\WINHTTP.dll
0x00007ffd78b80000 - 0x00007ffd78bea000 	C:\WINDOWS\system32\mswsock.dll
0x00007ffd63110000 - 0x00007ffd63124000 	C:\Program Files\Android\Android Studio\jre\bin\nio.dll
0x00007ffd5fde0000 - 0x00007ffd5fe07000 	C:\Users\elkin\.gradle\native\8bec1ad78214c89d9ad589b4d07fe93259594b29d510b10fafb7a158f7737e5d\windows-amd64\native-platform.dll
0x00007ffd3c770000 - 0x00007ffd3c8ad000 	C:\Users\elkin\.gradle\native\53dbd7edfb1c66fb8903c78663c9afc45aea4f116125fa6feffd364cf09443e8\windows-amd64\native-platform-file-events.dll
0x00007ffd739d0000 - 0x00007ffd739da000 	C:\Program Files\Android\Android Studio\jre\bin\management.dll
0x00007ffd73950000 - 0x00007ffd7395c000 	C:\Program Files\Android\Android Studio\jre\bin\management_ext.dll
0x00007ffd78d70000 - 0x00007ffd78d88000 	C:\WINDOWS\SYSTEM32\CRYPTSP.dll
0x00007ffd78490000 - 0x00007ffd784c4000 	C:\WINDOWS\system32\rsaenh.dll
0x00007ffd793d0000 - 0x00007ffd793f7000 	C:\WINDOWS\System32\bcrypt.dll
0x00007ffd792d0000 - 0x00007ffd792fe000 	C:\WINDOWS\SYSTEM32\USERENV.dll
0x00007ffd78d90000 - 0x00007ffd78d9c000 	C:\WINDOWS\SYSTEM32\CRYPTBASE.dll
0x00007ffd78820000 - 0x00007ffd7885b000 	C:\WINDOWS\SYSTEM32\IPHLPAPI.DLL
0x00007ffd7bb70000 - 0x00007ffd7bb78000 	C:\WINDOWS\System32\NSI.dll
0x00007ffd71340000 - 0x00007ffd71357000 	C:\WINDOWS\SYSTEM32\dhcpcsvc6.DLL
0x00007ffd71240000 - 0x00007ffd7125d000 	C:\WINDOWS\SYSTEM32\dhcpcsvc.DLL
0x00007ffd78860000 - 0x00007ffd7892c000 	C:\WINDOWS\SYSTEM32\DNSAPI.dll
0x00007ffd75300000 - 0x00007ffd75308000 	C:\Program Files\Android\Android Studio\jre\bin\rmi.dll

dbghelp: loaded successfully - version: 4.0.5 - missing functions: none
symbol engine: initialized successfully - sym options: 0x614 - pdb path: .;C:\Program Files\Android\Android Studio\jre\bin;C:\WINDOWS\SYSTEM32;C:\WINDOWS\WinSxS\amd64_microsoft.windows.common-controls_6595b64144ccf1df_6.0.19041.1110_none_60b5254171f9507e;C:\Program Files\Android\Android Studio\jre\bin\server;C:\Users\elkin\.gradle\native\8bec1ad78214c89d9ad589b4d07fe93259594b29d510b10fafb7a158f7737e5d\windows-amd64;C:\Users\elkin\.gradle\native\53dbd7edfb1c66fb8903c78663c9afc45aea4f116125fa6feffd364cf09443e8\windows-amd64

VM Arguments:
jvm_args: --add-opens=java.base/java.util=ALL-UNNAMED --add-opens=java.base/java.lang=ALL-UNNAMED --add-opens=java.base/java.lang.invoke=ALL-UNNAMED --add-opens=java.base/java.util=ALL-UNNAMED --add-opens=java.prefs/java.util.prefs=ALL-UNNAMED --add-opens=java.prefs/java.util.prefs=ALL-UNNAMED --add-opens=java.base/java.nio.charset=ALL-UNNAMED --add-opens=java.base/java.net=ALL-UNNAMED --add-opens=java.base/java.util.concurrent.atomic=ALL-UNNAMED -Xmx2048m -Dfile.encoding=UTF-8 -Duser.country=MX -Duser.language=es -Duser.variant 
java_command: org.gradle.launcher.daemon.bootstrap.GradleDaemon 7.0.2
java_class_path (initial): C:\Users\elkin\.gradle\wrapper\dists\gradle-7.0.2-bin\857tjihv64xamwrf0h14cai3r\gradle-7.0.2\lib\gradle-launcher-7.0.2.jar
Launcher Type: SUN_STANDARD

[Global flags]
     intx CICompilerCount                          = 4                                         {product} {ergonomic}
     uint ConcGCThreads                            = 2                                         {product} {ergonomic}
     uint G1ConcRefinementThreads                  = 8                                         {product} {ergonomic}
   size_t G1HeapRegionSize                         = 1048576                                   {product} {ergonomic}
    uintx GCDrainStackTargetSize                   = 64                                        {product} {ergonomic}
   size_t InitialHeapSize                          = 266338304                                 {product} {ergonomic}
   size_t MarkStackSize                            = 4194304                                   {product} {ergonomic}
   size_t MaxHeapSize                              = 2147483648                                {product} {command line}
   size_t MaxNewSize                               = 1287651328                                {product} {ergonomic}
   size_t MinHeapDeltaBytes                        = 1048576                                   {product} {ergonomic}
    uintx NonNMethodCodeHeapSize                   = 5836300                                {pd product} {ergonomic}
    uintx NonProfiledCodeHeapSize                  = 122910970                              {pd product} {ergonomic}
    uintx ProfiledCodeHeapSize                     = 122910970                              {pd product} {ergonomic}
    uintx ReservedCodeCacheSize                    = 251658240                              {pd product} {ergonomic}
     bool SegmentedCodeCache                       = true                                      {product} {ergonomic}
     bool UseCompressedClassPointers               = true                                 {lp64_product} {ergonomic}
     bool UseCompressedOops                        = true                                 {lp64_product} {ergonomic}
     bool UseG1GC                                  = true                                      {product} {ergonomic}
     bool UseLargePagesIndividualAllocation        = false                                  {pd product} {ergonomic}

Logging:
Log output configuration:
 #0: stdout all=warning uptime,level,tags
 #1: stderr all=off uptime,level,tags

Environment Variables:
JAVA_HOME=C:\Program Files\Java\jdk1.8.0_211
PATH=C:\Program Files (x86)\Common Files\Oracle\Java\javapath;C:\Program Files\Microsoft MPI\Bin\;C:\Program Files (x86)\Intel\iCLS Client\;C:\Program Files\Intel\iCLS Client\;C:\WINDOWS\system32;C:\WINDOWS;C:\WINDOWS\System32\Wbem;C:\WINDOWS\System32\WindowsPowerShell\v1.0\;C:\Program Files\Intel\Intel(R) Management Engine Components\DAL;C:\Program Files\Intel\Intel(R) Management Engine Components\IPT;C:\Program Files (x86)\Intel\Intel(R) Management Engine Components\DAL;C:\Program Files (x86)\Intel\Intel(R) Management Engine Components\IPT;C:\Program Files\Hewlett-Packard\SimplePass\;C:\WINDOWS\System32\OpenSSH\;C:\Program Files\Intel\WiFi\bin\;C:\Program Files\Common Files\Intel\WirelessCommon\;C:\Program Files\NVIDIA Corporation\NVIDIA NvDLISR;C:\Program Files (x86)\Microsoft SQL Server\140\Tools\Binn\;C:\Program Files\Microsoft SQL Server\140\Tools\Binn\;C:\Program Files (x86)\Microsoft SQL Server\140\DTS\Binn\;C:\Program Files\Microsoft SQL Server\140\DTS\Binn\;C:\Program Files\Microsoft SQL Server\Client SDK\ODBC\130\Tools\Binn\;C:\Program Files (x86)\Microsoft SQL Server\Client SDK\ODBC\130\Tools\Binn\;C:\Program Files (x86)\Microsoft SQL Server\140\Tools\Binn\ManagementStudio\;C:\Program Files\Java\jdk1.8.0_211\bin;C:\Users\elkin\AppData\Local\Android\Sdk\tools;C:\Users\elkin\AppData\Local\Android\Sdk\platform-tools;C:\Users\elkin\AppData\Local\Android\Sdk\build-tools;C:\Program Files (x86)\NVIDIA Corporation\PhysX\Common;C:\Program Files\dotnet\;C:\WINDOWS\system32;C:\WINDOWS;C:\WINDOWS\System32\Wbem;C:\WINDOWS\System32\WindowsPowerShell\v1.0\;C:\WINDOWS\System32\OpenSSH\;C:\Gradle\bin;C:\Program Files\Git\cmd;C:\Program Files\nodejs_MISO\;C:\Users\elkin\AppData\Local\Microsoft\WindowsApps;C:\Program Files\Intel\WiFi\bin\;C:\Program Files\Common Files\Intel\WirelessCommon\;C:\Program Files\heroku\bin;C:\Users\elkin\AppData\Local\Programs\Microsoft VS Code\bin;C:\Users\elkin\.dotnet\tools;C:\Users\elkin\AppData\Local\Microsoft\WindowsApps;C:\Users\elkin\AppDat
USERNAME=elkin
OS=Windows_NT
PROCESSOR_IDENTIFIER=Intel64 Family 6 Model 60 Stepping 3, GenuineIntel



---------------  S Y S T E M  ---------------

OS: Windows 10 , 64 bit Build 19041 (10.0.19041.1202)
OS uptime: 6 days 7:29 hours

CPU:total 8 (initial active 8) (4 cores per cpu, 2 threads per core) family 6 model 60 stepping 3 microcode 0x27, cmov, cx8, fxsr, mmx, sse, sse2, sse3, ssse3, sse4.1, sse4.2, popcnt, avx, avx2, aes, clmul, erms, lzcnt, ht, tsc, tscinvbit, bmi1, bmi2, fma

Memory: 4k page, system-wide physical 16163M (2068M free)
TotalPageFile size 20163M (AvailPageFile size 5M)
current process WorkingSet (physical memory assigned to process): 580M, peak: 583M
current process commit charge ("private bytes"): 624M, peak: 626M

vm_info: OpenJDK 64-Bit Server VM (11.0.10+0-b96-7249189) for windows-amd64 JRE (11.0.10+0-b96-7249189), built on Mar 31 2021 21:44:00 by "builder" with MS VC++ 14.0 (VS2015)

END.
